<?xml version="1.0" encoding="UTF-8"?>
<!-- Generated by org.testng.reporters.JUnitXMLReporter -->
<testsuite ignored="0" hostname="DESKTOP-MKFIPHP" failures="0" tests="1" name="LoginTest" time="49.69" errors="0" timestamp="2021-06-21T12:22:28 IST">
  <testcase classname="com.flipcart.tests.Login" name="@AfterClass close" time="-1.624258348414E9">
    <failure type="org.testng.TestNGException" message="
Can inject only one of &amp;lt;ITestContext, XmlTest&amp;gt; into a @AfterClass annotated close.
For more information on native dependency injection please refer to https://testng.org/doc/documentation-main.html#native-dependency-injection">
      <![CDATA[org.testng.TestNGException: 
Can inject only one of <ITestContext, XmlTest> into a @AfterClass annotated close.
For more information on native dependency injection please refer to https://testng.org/doc/documentation-main.html#native-dependency-injection
at java.base/java.util.ArrayList.forEach(ArrayList.java:1511)
... Removed 26 stack frames]]>
    </failure>
  </testcase> <!-- @AfterClass close -->
  <testcase classname="com.flipcart.tests.Login" name="loginTest" time="21.92"/>
</testsuite> <!-- LoginTest -->
