<?xml version="1.0" encoding="UTF-8"?>
<testsuite xmlns:xsi="http://www.w3.org/2001/XMLSchema-instance" xsi:noNamespaceSchemaLocation="https://maven.apache.org/surefire/maven-surefire-plugin/xsd/surefire-test-report-3.0.xsd" version="3.0" name="TestSuite" time="278.876" tests="6" errors="0" skipped="0" failures="3">
  <properties>
[...]
</properties>
  <testcase name="loginTest" classname="com.flipcart.tests.Login" time="21.917">
    <system-out><![CDATA[&amp#27;[35m[Appium]&amp#27;[39m Welcome to Appium v1.20.2
&amp#27;[35m[Appium]&amp#27;[39m Appium REST http interface listener started on 0.0.0.0:4723
&amp#27;[35m[HTTP]&amp#27;[39m &amp#27;[37m-->&amp#27;[39m &amp#27;[37mGET&amp#27;[39m &amp#27;[37m/wd/hub/status&amp#27;[39m
&amp#27;[35m[HTTP]&amp#27;[39m &amp#27;[90m{}&amp#27;[39m
[debug] &amp#27;[35m[GENERIC]&amp#27;[39m Calling AppiumDriver.getStatus() with args: []
[debug] &amp#27;[35m[GENERIC]&amp#27;[39m Responding to client with driver.getStatus() result: {"build":{"version":"1.20.2"}}
&amp#27;[35m[HTTP]&amp#27;[39m &amp#27;[37m<-- GET /wd/hub/status &amp#27;[39m&amp#27;[32m200&amp#27;[39m &amp#27;[90m11 ms - 68&amp#27;[39m
&amp#27;[35m[HTTP]&amp#27;[39m &amp#27;[90m&amp#27;[39m
[debug] &amp#27;[35m[HTTP]&amp#27;[39m Request idempotency key: 6b132255-dd86-439f-b9ed-007074a861e1
&amp#27;[35m[HTTP]&amp#27;[39m &amp#27;[37m-->&amp#27;[39m &amp#27;[37mPOST&amp#27;[39m &amp#27;[37m/wd/hub/session&amp#27;[39m
&amp#27;[35m[HTTP]&amp#27;[39m &amp#27;[90m{"desiredCapabilities":{"app":"C:\\Users\\pradi\\eclipse-workspace\\FlipcartAppV4\\FlipcartApp4\\src\\flipkart.apk","automationName":"uiautomator2","platformName":"Android","udid":"RZ8M40MZXJT","deviceName":"samsung"},"capabilities":{"firstMatch":[{"appium:app":"C:\\Users\\pradi\\eclipse-workspace\\FlipcartAppV4\\FlipcartApp4\\src\\flipkart.apk","appium:automationName":"uiautomator2","appium:deviceName":"samsung","platformName":"android","appium:udid":"RZ8M40MZXJT"}]}}&amp#27;[39m
[debug] &amp#27;[35m[W3C]&amp#27;[39m Calling AppiumDriver.createSession() with args: [{"app":"C:\\Users\\pradi\\eclipse-workspace\\FlipcartAppV4\\FlipcartApp4\\src\\flipkart.apk","automationName":"uiautomator2","platformName":"Android","udid":"RZ8M40MZXJT","deviceName":"samsung"},null,{"firstMatch":[{"appium:app":"C:\\Users\\pradi\\eclipse-workspace\\FlipcartAppV4\\FlipcartApp4\\src\\flipkart.apk","appium:automationName":"uiautomator2","appium:deviceName":"samsung","platformName":"android","appium:udid":"RZ8M40MZXJT"}]}]
[debug] &amp#27;[35m[BaseDriver]&amp#27;[39m Event 'newSessionRequested' logged at 1624258308091 (12:21:48 GMT+0530 (India Standard Time))
&amp#27;[35m[Appium]&amp#27;[39m Appium v1.20.2 creating new AndroidUiautomator2Driver (v1.61.2) session
[debug] &amp#27;[35m[BaseDriver]&amp#27;[39m W3C capabilities and MJSONWP desired capabilities were provided
[debug] &amp#27;[35m[BaseDriver]&amp#27;[39m Creating session with W3C capabilities: {
[debug] &amp#27;[35m[BaseDriver]&amp#27;[39m   "alwaysMatch": {
[debug] &amp#27;[35m[BaseDriver]&amp#27;[39m     "platformName": "android",
[debug] &amp#27;[35m[BaseDriver]&amp#27;[39m     "appium:app": "C:\\Users\\pradi\\eclipse-workspace\\FlipcartAppV4\\FlipcartApp4\\src\\flipkart.apk",
[debug] &amp#27;[35m[BaseDriver]&amp#27;[39m     "appium:automationName": "uiautomator2",
[debug] &amp#27;[35m[BaseDriver]&amp#27;[39m     "appium:deviceName": "samsung",
[debug] &amp#27;[35m[BaseDriver]&amp#27;[39m     "appium:udid": "RZ8M40MZXJT"
[debug] &amp#27;[35m[BaseDriver]&amp#27;[39m   },
[debug] &amp#27;[35m[BaseDriver]&amp#27;[39m   "firstMatch": [
[debug] &amp#27;[35m[BaseDriver]&amp#27;[39m     {}
[debug] &amp#27;[35m[BaseDriver]&amp#27;[39m   ]
[debug] &amp#27;[35m[BaseDriver]&amp#27;[39m }
&amp#27;[35m[BaseDriver]&amp#27;[39m Session created with session id: e6767a0b-d963-4e68-81cc-0a1ddf5722d4
&amp#27;[35m[BaseDriver]&amp#27;[39m Using local app 'C:\Users\pradi\eclipse-workspace\FlipcartAppV4\FlipcartApp4\src\flipkart.apk'
[debug] &amp#27;[35m[UiAutomator2]&amp#27;[39m Checking whether app is actually present
&amp#27;[35m[ADB]&amp#27;[39m Found 4 'build-tools' folders under 'C:\Users\pradi\AppData\Local\Android\Sdk' (newest first):
&amp#27;[35m[ADB]&amp#27;[39m     C:/Users/pradi/AppData/Local/Android/Sdk/build-tools/30.0.2
&amp#27;[35m[ADB]&amp#27;[39m     C:/Users/pradi/AppData/Local/Android/Sdk/build-tools/28.0.1
&amp#27;[35m[ADB]&amp#27;[39m     C:/Users/pradi/AppData/Local/Android/Sdk/build-tools/28.0.0
&amp#27;[35m[ADB]&amp#27;[39m     C:/Users/pradi/AppData/Local/Android/Sdk/build-tools/27.0.3
&amp#27;[35m[ADB]&amp#27;[39m Using 'adb.exe' from 'C:\Users\pradi\AppData\Local\Android\Sdk\platform-tools\adb.exe'
[debug] &amp#27;[35m[ADB]&amp#27;[39m Running 'C:\Users\pradi\AppData\Local\Android\Sdk\platform-tools\adb.exe -P 5037 start-server'
&amp#27;[35m[AndroidDriver]&amp#27;[39m Retrieving device list
[debug] &amp#27;[35m[ADB]&amp#27;[39m Trying to find a connected android device
[debug] &amp#27;[35m[ADB]&amp#27;[39m Getting connected devices
[debug] &amp#27;[35m[ADB]&amp#27;[39m Connected devices: [{"udid":"RZ8M40MZXJT","state":"device"}]
&amp#27;[35m[AndroidDriver]&amp#27;[39m Using device: RZ8M40MZXJT
&amp#27;[35m[ADB]&amp#27;[39m Using 'adb.exe' from 'C:\Users\pradi\AppData\Local\Android\Sdk\platform-tools\adb.exe'
[debug] &amp#27;[35m[ADB]&amp#27;[39m Running 'C:\Users\pradi\AppData\Local\Android\Sdk\platform-tools\adb.exe -P 5037 start-server'
[debug] &amp#27;[35m[ADB]&amp#27;[39m Setting device id to RZ8M40MZXJT
[debug] &amp#27;[35m[ADB]&amp#27;[39m Running 'C:\Users\pradi\AppData\Local\Android\Sdk\platform-tools\adb.exe -P 5037 -s RZ8M40MZXJT shell getprop ro.build.version.sdk'
[debug] &amp#27;[35m[ADB]&amp#27;[39m Current device property 'ro.build.version.sdk': 30
&amp#27;[35m[ADB]&amp#27;[39m Getting device platform version
[debug] &amp#27;[35m[ADB]&amp#27;[39m Running 'C:\Users\pradi\AppData\Local\Android\Sdk\platform-tools\adb.exe -P 5037 -s RZ8M40MZXJT shell getprop ro.build.version.release'
[debug] &amp#27;[35m[ADB]&amp#27;[39m Current device property 'ro.build.version.release': 11
[debug] &amp#27;[35m[ADB]&amp#27;[39m Device API level: 30
&amp#27;[35m[UiAutomator2]&amp#27;[39m Relaxing hidden api policy
[debug] &amp#27;[35m[ADB]&amp#27;[39m Running 'C:\Users\pradi\AppData\Local\Android\Sdk\platform-tools\adb.exe -P 5037 -s RZ8M40MZXJT shell 'settings put global hidden_api_policy_pre_p_apps 1;settings put global hidden_api_policy_p_apps 1;settings put global hidden_api_policy 1''
[debug] &amp#27;[35m[AndroidDriver]&amp#27;[39m Parsing package and activity from app manifest
&amp#27;[35m[ADB]&amp#27;[39m Package name: 'com.flipkart.android'
&amp#27;[35m[ADB]&amp#27;[39m Main activity name: 'com.flipkart.android.SplashActivity'
[debug] &amp#27;[35m[AndroidDriver]&amp#27;[39m Parsed package and activity are: com.flipkart.android/com.flipkart.android.SplashActivity
[debug] &amp#27;[35m[ADB]&amp#27;[39m Running 'C:\Users\pradi\AppData\Local\Android\Sdk\platform-tools\adb.exe -P 5037 -s RZ8M40MZXJT wait-for-device'
[debug] &amp#27;[35m[ADB]&amp#27;[39m Running 'C:\Users\pradi\AppData\Local\Android\Sdk\platform-tools\adb.exe -P 5037 -s RZ8M40MZXJT shell echo ping'
[debug] &amp#27;[35m[AndroidDriver]&amp#27;[39m Pushing settings apk to device...
[debug] &amp#27;[35m[ADB]&amp#27;[39m Getting install status for io.appium.settings
[debug] &amp#27;[35m[ADB]&amp#27;[39m Running 'C:\Users\pradi\AppData\Local\Android\Sdk\platform-tools\adb.exe -P 5037 -s RZ8M40MZXJT shell dumpsys package io.appium.settings'
[debug] &amp#27;[35m[ADB]&amp#27;[39m 'io.appium.settings' is installed
[debug] &amp#27;[35m[ADB]&amp#27;[39m Getting package info for 'io.appium.settings'
[debug] &amp#27;[35m[ADB]&amp#27;[39m Running 'C:\Users\pradi\AppData\Local\Android\Sdk\platform-tools\adb.exe -P 5037 -s RZ8M40MZXJT shell dumpsys package io.appium.settings'
[debug] &amp#27;[35m[ADB]&amp#27;[39m The version name of the installed 'io.appium.settings' is greater or equal to the application version name ('3.2.1' >= '3.2.1')
[debug] &amp#27;[35m[ADB]&amp#27;[39m There is no need to install/upgrade 'C:\Users\pradi\AppData\Roaming\npm\node_modules\appium\node_modules\io.appium.settings\apks\settings_apk-debug.apk'
[debug] &amp#27;[35m[ADB]&amp#27;[39m Getting IDs of all 'io.appium.settings' processes
[debug] &amp#27;[35m[ADB]&amp#27;[39m Running 'C:\Users\pradi\AppData\Local\Android\Sdk\platform-tools\adb.exe -P 5037 -s RZ8M40MZXJT shell 'pgrep --help; echo $?''
[debug] &amp#27;[35m[ADB]&amp#27;[39m Running 'C:\Users\pradi\AppData\Local\Android\Sdk\platform-tools\adb.exe -P 5037 -s RZ8M40MZXJT shell pgrep -f \(\[\[:blank:\]\]\|\^\)io\.appium\.settings\(\[\[:blank:\]\]\|\$\)'
[debug] &amp#27;[35m[AndroidDriver]&amp#27;[39m io.appium.settings is already running. There is no need to reset its permissions.
[debug] &amp#27;[35m[ADB]&amp#27;[39m Running 'C:\Users\pradi\AppData\Local\Android\Sdk\platform-tools\adb.exe -P 5037 -s RZ8M40MZXJT shell appops set io.appium.settings android:mock_location allow'
[debug] &amp#27;[35m[Logcat]&amp#27;[39m Starting logs capture with command: C:\\Users\\pradi\\AppData\\Local\\Android\\Sdk\\platform-tools\\adb.exe -P 5037 -s RZ8M40MZXJT logcat -v threadtime
[debug] &amp#27;[35m[UiAutomator2]&amp#27;[39m Forwarding UiAutomator2 Server port 6790 to local port 8200
[debug] &amp#27;[35m[ADB]&amp#27;[39m Forwarding system: 8200 to device: 6790
[debug] &amp#27;[35m[ADB]&amp#27;[39m Running 'C:\Users\pradi\AppData\Local\Android\Sdk\platform-tools\adb.exe -P 5037 -s RZ8M40MZXJT forward tcp:8200 tcp:6790'
[debug] &amp#27;[35m[ADB]&amp#27;[39m Getting install status for io.appium.uiautomator2.server
[debug] &amp#27;[35m[ADB]&amp#27;[39m Running 'C:\Users\pradi\AppData\Local\Android\Sdk\platform-tools\adb.exe -P 5037 -s RZ8M40MZXJT shell dumpsys package io.appium.uiautomator2.server'
[debug] &amp#27;[35m[ADB]&amp#27;[39m 'io.appium.uiautomator2.server' is installed
[debug] &amp#27;[35m[ADB]&amp#27;[39m Getting package info for 'io.appium.uiautomator2.server'
[debug] &amp#27;[35m[ADB]&amp#27;[39m Running 'C:\Users\pradi\AppData\Local\Android\Sdk\platform-tools\adb.exe -P 5037 -s RZ8M40MZXJT shell dumpsys package io.appium.uiautomator2.server'
[debug] &amp#27;[35m[ADB]&amp#27;[39m The version name of the installed 'io.appium.uiautomator2.server' is greater or equal to the application version name ('4.17.4' >= '4.17.4')
[debug] &amp#27;[35m[UiAutomator2]&amp#27;[39m io.appium.uiautomator2.server installation state: sameVersionInstalled
[debug] &amp#27;[35m[ADB]&amp#27;[39m Checking app cert for C:\Users\pradi\AppData\Roaming\npm\node_modules\appium\node_modules\appium-uiautomator2-server\apks\appium-uiautomator2-server-v4.17.4.apk
&amp#27;[35m[ADB]&amp#27;[39m Using 'apksigner.jar' from 'C:\Users\pradi\AppData\Local\Android\Sdk\build-tools\30.0.2\lib\apksigner.jar'
[debug] &amp#27;[35m[ADB]&amp#27;[39m Starting apksigner: 'C:\\Program Files\\Java\\jdk1.8.0_181\\bin\\java.exe' -Xmx1024M -Xss1m -jar C:\\Users\\pradi\\AppData\\Local\\Android\\Sdk\\build-tools\\30.0.2\\lib\\apksigner.jar verify --print-certs C:\\Users\\pradi\\AppData\\Roaming\\npm\\node_modules\\appium\\node_modules\\appium-uiautomator2-server\\apks\\appium-uiautomator2-server-v4.17.4.apk
[debug] &amp#27;[35m[ADB]&amp#27;[39m apksigner stdout: Signer #1 certificate DN: EMAILADDRESS=android@android.com, CN=Android, OU=Android, O=Android, L=Mountain View, ST=California, C=US
[debug] &amp#27;[35m[ADB]&amp#27;[39m Signer #1 certificate SHA-256 digest: a40da80a59d170caa950cf15c18c454d47a39b26989d8b640ecd745ba71bf5dc
[debug] &amp#27;[35m[ADB]&amp#27;[39m Signer #1 certificate SHA-1 digest: 61ed377e85d386a8dfee6b864bd85b0bfaa5af81
[debug] &amp#27;[35m[ADB]&amp#27;[39m Signer #1 certificate MD5 digest: e89b158e4bcf988ebd09eb83f5378e87
[debug] &amp#27;[35m[ADB]&amp#27;[39m 
[debug] &amp#27;[35m[ADB]&amp#27;[39m sha256 hash did match for 'appium-uiautomator2-server-v4.17.4.apk'
&amp#27;[35m[ADB]&amp#27;[39m 'C:\Users\pradi\AppData\Roaming\npm\node_modules\appium\node_modules\appium-uiautomator2-server\apks\appium-uiautomator2-server-v4.17.4.apk' is signed with the default certificate
[debug] &amp#27;[35m[ADB]&amp#27;[39m Getting install status for io.appium.uiautomator2.server.test
[debug] &amp#27;[35m[ADB]&amp#27;[39m Running 'C:\Users\pradi\AppData\Local\Android\Sdk\platform-tools\adb.exe -P 5037 -s RZ8M40MZXJT shell dumpsys package io.appium.uiautomator2.server.test'
[debug] &amp#27;[35m[ADB]&amp#27;[39m 'io.appium.uiautomator2.server.test' is installed
[debug] &amp#27;[35m[ADB]&amp#27;[39m Checking app cert for C:\Users\pradi\AppData\Roaming\npm\node_modules\appium\node_modules\appium-uiautomator2-server\apks\appium-uiautomator2-server-debug-androidTest.apk
[debug] &amp#27;[35m[ADB]&amp#27;[39m Starting apksigner: 'C:\\Program Files\\Java\\jdk1.8.0_181\\bin\\java.exe' -Xmx1024M -Xss1m -jar C:\\Users\\pradi\\AppData\\Local\\Android\\Sdk\\build-tools\\30.0.2\\lib\\apksigner.jar verify --print-certs C:\\Users\\pradi\\AppData\\Roaming\\npm\\node_modules\\appium\\node_modules\\appium-uiautomator2-server\\apks\\appium-uiautomator2-server-debug-androidTest.apk
[debug] &amp#27;[35m[ADB]&amp#27;[39m apksigner stdout: Signer #1 certificate DN: EMAILADDRESS=android@android.com, CN=Android, OU=Android, O=Android, L=Mountain View, ST=California, C=US
[debug] &amp#27;[35m[ADB]&amp#27;[39m Signer #1 certificate SHA-256 digest: a40da80a59d170caa950cf15c18c454d47a39b26989d8b640ecd745ba71bf5dc
[debug] &amp#27;[35m[ADB]&amp#27;[39m Signer #1 certificate SHA-1 digest: 61ed377e85d386a8dfee6b864bd85b0bfaa5af81
[debug] &amp#27;[35m[ADB]&amp#27;[39m Signer #1 certificate MD5 digest: e89b158e4bcf988ebd09eb83f5378e87
[debug] &amp#27;[35m[ADB]&amp#27;[39m 
[debug] &amp#27;[35m[ADB]&amp#27;[39m sha256 hash did match for 'appium-uiautomator2-server-debug-androidTest.apk'
&amp#27;[35m[ADB]&amp#27;[39m 'C:\Users\pradi\AppData\Roaming\npm\node_modules\appium\node_modules\appium-uiautomator2-server\apks\appium-uiautomator2-server-debug-androidTest.apk' is signed with the default certificate
&amp#27;[35m[UiAutomator2]&amp#27;[39m Server packages are not going to be (re)installed
[debug] &amp#27;[35m[UiAutomator2]&amp#27;[39m Waiting up to 30000ms for services to be available
[debug] &amp#27;[35m[ADB]&amp#27;[39m Running 'C:\Users\pradi\AppData\Local\Android\Sdk\platform-tools\adb.exe -P 5037 -s RZ8M40MZXJT shell pm list instrumentation'
[debug] &amp#27;[35m[UiAutomator2]&amp#27;[39m Instrumentation target 'io.appium.uiautomator2.server.test/androidx.test.runner.AndroidJUnitRunner' is available
&amp#27;[35m[ADB]&amp#27;[39m Adding packages ["io.appium.settings","io.appium.uiautomator2.server","io.appium.uiautomator2.server.test"] to Doze whitelist
[debug] &amp#27;[35m[ADB]&amp#27;[39m Got the following command chunks to execute: [["dumpsys","deviceidle","whitelist","+io.appium.settings",";","dumpsys","deviceidle","whitelist","+io.appium.uiautomator2.server",";","dumpsys","deviceidle","whitelist","+io.appium.uiautomator2.server.test",";"]]
[debug] &amp#27;[35m[ADB]&amp#27;[39m Running 'C:\Users\pradi\AppData\Local\Android\Sdk\platform-tools\adb.exe -P 5037 -s RZ8M40MZXJT shell dumpsys deviceidle whitelist +io.appium.settings ; dumpsys deviceidle whitelist +io.appium.uiautomator2.server ; dumpsys deviceidle whitelist +io.appium.uiautomator2.server.test ;'
[debug] &amp#27;[35m[ADB]&amp#27;[39m Checking app cert for C:\Users\pradi\eclipse-workspace\FlipcartAppV4\FlipcartApp4\src\flipkart.apk
[debug] &amp#27;[35m[ADB]&amp#27;[39m Starting apksigner: 'C:\\Program Files\\Java\\jdk1.8.0_181\\bin\\java.exe' -Xmx1024M -Xss1m -jar C:\\Users\\pradi\\AppData\\Local\\Android\\Sdk\\build-tools\\30.0.2\\lib\\apksigner.jar verify --print-certs C:\\Users\\pradi\\eclipse-workspace\\FlipcartAppV4\\FlipcartApp4\\src\\flipkart.apk
[debug] &amp#27;[35m[ADB]&amp#27;[39m apksigner stdout: Signer #1 certificate DN: EMAILADDRESS=android@android.com, CN=Android, OU=Android, O=Android, L=Mountain View, ST=California, C=US
[debug] &amp#27;[35m[ADB]&amp#27;[39m Signer #1 certificate SHA-256 digest: a40da80a59d170caa950cf15c18c454d47a39b26989d8b640ecd745ba71bf5dc
[debug] &amp#27;[35m[ADB]&amp#27;[39m Signer #1 certificate SHA-1 digest: 61ed377e85d386a8dfee6b864bd85b0bfaa5af81
[debug] &amp#27;[35m[ADB]&amp#27;[39m Signer #1 certificate MD5 digest: e89b158e4bcf988ebd09eb83f5378e87
[debug] &amp#27;[35m[ADB]&amp#27;[39m 
[debug] &amp#27;[35m[ADB]&amp#27;[39m sha256 hash did match for 'flipkart.apk'
&amp#27;[35m[ADB]&amp#27;[39m 'C:\Users\pradi\eclipse-workspace\FlipcartAppV4\FlipcartApp4\src\flipkart.apk' is signed with the default certificate
[debug] &amp#27;[35m[ADB]&amp#27;[39m Getting install status for com.flipkart.android
[debug] &amp#27;[35m[ADB]&amp#27;[39m Running 'C:\Users\pradi\AppData\Local\Android\Sdk\platform-tools\adb.exe -P 5037 -s RZ8M40MZXJT shell dumpsys package com.flipkart.android'
[debug] &amp#27;[35m[ADB]&amp#27;[39m 'com.flipkart.android' is installed
[debug] &amp#27;[35m[ADB]&amp#27;[39m Getting package info for 'com.flipkart.android'
[debug] &amp#27;[35m[ADB]&amp#27;[39m Running 'C:\Users\pradi\AppData\Local\Android\Sdk\platform-tools\adb.exe -P 5037 -s RZ8M40MZXJT shell dumpsys package com.flipkart.android'
[debug] &amp#27;[35m[ADB]&amp#27;[39m The version name of the installed 'com.flipkart.android' is greater or equal to the application version name ('7.12.0' >= '7.12.0')
[debug] &amp#27;[35m[ADB]&amp#27;[39m There is no need to install/upgrade 'C:\Users\pradi\eclipse-workspace\FlipcartAppV4\FlipcartApp4\src\flipkart.apk'
&amp#27;[35m[AndroidDriver]&amp#27;[39m Performing fast reset on 'com.flipkart.android'
[debug] &amp#27;[35m[ADB]&amp#27;[39m Getting install status for com.flipkart.android
[debug] &amp#27;[35m[ADB]&amp#27;[39m Running 'C:\Users\pradi\AppData\Local\Android\Sdk\platform-tools\adb.exe -P 5037 -s RZ8M40MZXJT shell dumpsys package com.flipkart.android'
[debug] &amp#27;[35m[ADB]&amp#27;[39m 'com.flipkart.android' is installed
[debug] &amp#27;[35m[ADB]&amp#27;[39m Running 'C:\Users\pradi\AppData\Local\Android\Sdk\platform-tools\adb.exe -P 5037 -s RZ8M40MZXJT shell am force-stop com.flipkart.android'
[debug] &amp#27;[35m[ADB]&amp#27;[39m Running 'C:\Users\pradi\AppData\Local\Android\Sdk\platform-tools\adb.exe -P 5037 -s RZ8M40MZXJT shell pm clear com.flipkart.android'
[debug] &amp#27;[35m[AndroidDriver]&amp#27;[39m Performed fast reset on the installed 'com.flipkart.android' application (stop and clear)
[debug] &amp#27;[35m[UiAutomator2]&amp#27;[39m Performing shallow cleanup of automation leftovers
[debug] &amp#27;[35m[UiAutomator2]&amp#27;[39m No obsolete sessions have been detected (socket hang up)
[debug] &amp#27;[35m[ADB]&amp#27;[39m Running 'C:\Users\pradi\AppData\Local\Android\Sdk\platform-tools\adb.exe -P 5037 -s RZ8M40MZXJT shell am force-stop io.appium.uiautomator2.server.test'
&amp#27;[35m[UiAutomator2]&amp#27;[39m Starting UIAutomator2 server 4.17.4
&amp#27;[35m[UiAutomator2]&amp#27;[39m Using UIAutomator2 server from 'C:\Users\pradi\AppData\Roaming\npm\node_modules\appium\node_modules\appium-uiautomator2-server\apks\appium-uiautomator2-server-v4.17.4.apk' and test from 'C:\Users\pradi\AppData\Roaming\npm\node_modules\appium\node_modules\appium-uiautomator2-server\apks\appium-uiautomator2-server-debug-androidTest.apk'
&amp#27;[35m[UiAutomator2]&amp#27;[39m Waiting up to 30000ms for UiAutomator2 to be online...
[debug] &amp#27;[35m[ADB]&amp#27;[39m Creating ADB subprocess with args: ["-P",5037,"-s","RZ8M40MZXJT","shell","am","instrument","-w","io.appium.uiautomator2.server.test/androidx.test.runner.AndroidJUnitRunner"]
[debug] &amp#27;[35m[WD Proxy]&amp#27;[39m Matched '/status' to command name 'getStatus'
[debug] &amp#27;[35m[WD Proxy]&amp#27;[39m Proxying [GET /status] to [GET http://127.0.0.1:8200/wd/hub/status] with no body
&amp#27;[35m[WD Proxy]&amp#27;[39m socket hang up
[debug] &amp#27;[35m[WD Proxy]&amp#27;[39m Matched '/status' to command name 'getStatus'
[debug] &amp#27;[35m[WD Proxy]&amp#27;[39m Proxying [GET /status] to [GET http://127.0.0.1:8200/wd/hub/status] with no body
&amp#27;[35m[WD Proxy]&amp#27;[39m socket hang up
[debug] &amp#27;[35m[WD Proxy]&amp#27;[39m Matched '/status' to command name 'getStatus'
[debug] &amp#27;[35m[WD Proxy]&amp#27;[39m Proxying [GET /status] to [GET http://127.0.0.1:8200/wd/hub/status] with no body
&amp#27;[35m[WD Proxy]&amp#27;[39m socket hang up
[debug] &amp#27;[35m[Instrumentation]&amp#27;[39m io.appium.uiautomator2.server.test.AppiumUiAutomator2Server:
[debug] &amp#27;[35m[WD Proxy]&amp#27;[39m Matched '/status' to command name 'getStatus'
[debug] &amp#27;[35m[WD Proxy]&amp#27;[39m Proxying [GET /status] to [GET http://127.0.0.1:8200/wd/hub/status] with no body
&amp#27;[35m[WD Proxy]&amp#27;[39m socket hang up
[debug] &amp#27;[35m[WD Proxy]&amp#27;[39m Matched '/status' to command name 'getStatus'
[debug] &amp#27;[35m[WD Proxy]&amp#27;[39m Proxying [GET /status] to [GET http://127.0.0.1:8200/wd/hub/status] with no body
&amp#27;[35m[WD Proxy]&amp#27;[39m socket hang up
[debug] &amp#27;[35m[WD Proxy]&amp#27;[39m Matched '/status' to command name 'getStatus'
[debug] &amp#27;[35m[WD Proxy]&amp#27;[39m Proxying [GET /status] to [GET http://127.0.0.1:8200/wd/hub/status] with no body
[debug] &amp#27;[35m[WD Proxy]&amp#27;[39m Got response with status 200: {"sessionId":"None","value":{"message":"UiAutomator2 Server is ready to accept commands","ready":true}}
[debug] &amp#27;[35m[UiAutomator2]&amp#27;[39m The initialization of the instrumentation process took 5294ms
[debug] &amp#27;[35m[WD Proxy]&amp#27;[39m Matched '/session' to command name 'createSession'
[debug] &amp#27;[35m[WD Proxy]&amp#27;[39m Proxying [POST /session] to [POST http://127.0.0.1:8200/wd/hub/session] with body: {"capabilities":{"firstMatch":[{"platform":"LINUX","webStorageEnabled":false,"takesScreenshot":true,"javascriptEnabled":true,"databaseEnabled":false,"networkConnectionEnabled":true,"locationContextEnabled":false,"warnings":{},"desired":{"platformName":"android","app":"C:\\Users\\pradi\\eclipse-workspace\\FlipcartAppV4\\FlipcartApp4\\src\\flipkart.apk","automationName":"uiautomator2","deviceName":"samsung","udid":"RZ8M40MZXJT"},"platformName":"android","app":"C:\\Users\\pradi\\eclipse-workspace\\FlipcartAppV4\\FlipcartApp4\\src\\flipkart.apk","automationName":"uiautomator2","deviceName":"RZ8M40MZXJT","udid":"RZ8M40MZXJT","deviceUDID":"RZ8M40MZXJT","appPackage":"com.flipkart.android"}],"alwaysMatch":{}}}
[debug] &amp#27;[35m[WD Proxy]&amp#27;[39m Got response with status 200: {"sessionId":"8406dc1c-99a8-4556-8e1e-10c478a9b734","value":{"capabilities":{"firstMatch":[{"platform":"LINUX","webStorageEnabled":false,"takesScreenshot":true,"javascriptEnabled":true,"databaseEnabled":false,"networkConnectionEnabled":true,"locationContextEnabled":false,"warnings":{},"desired":{"platformName":"android","app":"C:\\Users\\pradi\\eclipse-workspace\\FlipcartAppV4\\FlipcartApp4\\src\\flipkart.apk","automationName":"uiautomator2","deviceName":"samsung","udid":"RZ8M40MZXJT"},"platformName":"android","app":"C:\\Users\\pradi\\eclipse-workspace\\FlipcartAppV4\\FlipcartApp4\\src\\flipkart.apk","automationName":"uiautomator2","deviceName":"RZ8M40MZXJT","udid":"RZ8M40MZXJT","deviceUDID":"RZ8M40MZXJT","appPackage":"com.flipkart.android"}],"alwaysMatch":{}},"sessionId":"8406dc1c-99a8-4556-8e1e-10c478a9b734"}}
&amp#27;[35m[WD Proxy]&amp#27;[39m Determined the downstream protocol as 'W3C'
[debug] &amp#27;[35m[WD Proxy]&amp#27;[39m Proxying [GET /appium/device/info] to [GET http://127.0.0.1:8200/wd/hub/session/8406dc1c-99a8-4556-8e1e-10c478a9b734/appium/device/info] with no body
[debug] &amp#27;[35m[WD Proxy]&amp#27;[39m Got response with status 200: {"sessionId":"8406dc1c-99a8-4556-8e1e-10c478a9b734","value":{"androidId":"8dd01396a27d4c60","apiVersion":"30","bluetooth":{"state":"OFF"},"brand":"samsung","carrierName":"JIO 4G","displayDensity":420,"locale":"en_GB","manufacturer":"samsung","model":"SM-A305F","networks":[{"capabilities":{"SSID":null,"linkDownBandwidthKbps":30000,"linkUpstreamBandwidthKbps":15000,"networkCapabilities":"NET_CAPABILITY_IMS,NET_CAPABILITY_NOT_METERED,NET_CAPABILITY_TRUSTED,NET_CAPABILITY_NOT_VPN,NET_CAPABILITY_VALIDATED,NET_CAPABILITY_NOT_ROAMING,NET_CAPABILITY_FOREGROUND,NET_CAPABILITY_NOT_CONGESTED,NET_CAPABILITY_NOT_SUSPENDED","signalStrength":-2147483648,"transportTypes":"TRANSPORT_CELLULAR"},"detailedState":"CONNECTED","extraInfo":"IMS","isAvailable":true,"isConnected":true,"isFailover":false,"isRoaming":false,"state":"CONNECTED","subtype":13,"subtypeName":"LTE","type":0,"typeName":"MOBILE"},{"capabilities":{"SSID":null,"linkDownBandwidthKbps":30000,"linkUpstreamBandwidthKbps":15000,"networkCapabilities":"NET_CAPABILITY_...
[debug] &amp#27;[35m[ADB]&amp#27;[39m Running 'C:\Users\pradi\AppData\Local\Android\Sdk\platform-tools\adb.exe -P 5037 -s RZ8M40MZXJT shell dumpsys window'
&amp#27;[35m[AndroidDriver]&amp#27;[39m Screen already unlocked, doing nothing
&amp#27;[35m[UiAutomator2]&amp#27;[39m Starting 'com.flipkart.android/com.flipkart.android.SplashActivity and waiting for 'com.flipkart.android/com.flipkart.android.SplashActivity'
[debug] &amp#27;[35m[ADB]&amp#27;[39m Running 'C:\Users\pradi\AppData\Local\Android\Sdk\platform-tools\adb.exe -P 5037 -s RZ8M40MZXJT shell am start -W -n com.flipkart.android/com.flipkart.android.SplashActivity -S -a android.intent.action.MAIN -c android.intent.category.LAUNCHER -f 0x10200000'
[debug] &amp#27;[35m[ADB]&amp#27;[39m Waiting up to 20000ms for activity matching pkg: 'com.flipkart.android' and activity: 'com.flipkart.android.SplashActivity' to be focused
[debug] &amp#27;[35m[ADB]&amp#27;[39m Possible activities, to be checked: 'com.flipkart.android.SplashActivity', 'com.flipkart.android.com.flipkart.android.SplashActivity'
[debug] &amp#27;[35m[ADB]&amp#27;[39m Getting focused package and activity
[debug] &amp#27;[35m[ADB]&amp#27;[39m Running 'C:\Users\pradi\AppData\Local\Android\Sdk\platform-tools\adb.exe -P 5037 -s RZ8M40MZXJT shell dumpsys window displays'
[debug] &amp#27;[35m[ADB]&amp#27;[39m Found package: 'com.flipkart.android' and fully qualified activity name : 'com.flipkart.android.SplashActivity'
[debug] &amp#27;[35m[WD Proxy]&amp#27;[39m Proxying [GET /appium/device/pixel_ratio] to [GET http://127.0.0.1:8200/wd/hub/session/8406dc1c-99a8-4556-8e1e-10c478a9b734/appium/device/pixel_ratio] with no body
[debug] &amp#27;[35m[WD Proxy]&amp#27;[39m Got response with status 200: {"sessionId":"8406dc1c-99a8-4556-8e1e-10c478a9b734","value":2.625}
[debug] &amp#27;[35m[WD Proxy]&amp#27;[39m Matched '/appium/device/system_bars' to command name 'getSystemBars'
[debug] &amp#27;[35m[WD Proxy]&amp#27;[39m Proxying [GET /appium/device/system_bars] to [GET http://127.0.0.1:8200/wd/hub/session/8406dc1c-99a8-4556-8e1e-10c478a9b734/appium/device/system_bars] with no body
[debug] &amp#27;[35m[WD Proxy]&amp#27;[39m Got response with status 200: {"sessionId":"8406dc1c-99a8-4556-8e1e-10c478a9b734","value":{"statusBar":83}}
[debug] &amp#27;[35m[WD Proxy]&amp#27;[39m Matched '/window/current/size' to command name 'getWindowSize'
[debug] &amp#27;[35m[WD Proxy]&amp#27;[39m Proxying [GET /window/current/size] to [GET http://127.0.0.1:8200/wd/hub/session/8406dc1c-99a8-4556-8e1e-10c478a9b734/window/current/size] with no body
[debug] &amp#27;[35m[WD Proxy]&amp#27;[39m Got response with status 200: {"sessionId":"8406dc1c-99a8-4556-8e1e-10c478a9b734","value":{"height":2131,"width":1080}}
&amp#27;[35m[Appium]&amp#27;[39m New AndroidUiautomator2Driver session created successfully, session e6767a0b-d963-4e68-81cc-0a1ddf5722d4 added to master session list
[debug] &amp#27;[35m[BaseDriver]&amp#27;[39m Event 'newSessionStarted' logged at 1624258326205 (12:22:06 GMT+0530 (India Standard Time))
[debug] &amp#27;[35m[W3C (e6767a0b)]&amp#27;[39m Cached the protocol value 'W3C' for the new session e6767a0b-d963-4e68-81cc-0a1ddf5722d4
[debug] &amp#27;[35m[W3C (e6767a0b)]&amp#27;[39m Responding to client with driver.createSession() result: {"capabilities":{"platform":"LINUX","webStorageEnabled":false,"takesScreenshot":true,"javascriptEnabled":true,"databaseEnabled":false,"networkConnectionEnabled":true,"locationContextEnabled":false,"warnings":{},"desired":{"platformName":"android","app":"C:\\Users\\pradi\\eclipse-workspace\\FlipcartAppV4\\FlipcartApp4\\src\\flipkart.apk","automationName":"uiautomator2","deviceName":"samsung","udid":"RZ8M40MZXJT"},"platformName":"android","app":"C:\\Users\\pradi\\eclipse-workspace\\FlipcartAppV4\\FlipcartApp4\\src\\flipkart.apk","automationName":"uiautomator2","deviceName":"RZ8M40MZXJT","udid":"RZ8M40MZXJT","deviceUDID":"RZ8M40MZXJT","appPackage":"com.flipkart.android","deviceApiLevel":30,"platformVersion":"11","deviceScreenSize":"1080x2340","deviceScreenDensity":420,"deviceModel":"SM-A305F","deviceManufacturer":"samsung","pixelRatio":2.625,"statBarHeight":83,"viewportRect":{"left":0,"top":83,"width":1080,"height":2048}}}
&amp#27;[35m[HTTP]&amp#27;[39m &amp#27;[37m<-- POST /wd/hub/session &amp#27;[39m&amp#27;[32m200&amp#27;[39m &amp#27;[90m18119 ms - 994&amp#27;[39m
&amp#27;[35m[HTTP]&amp#27;[39m &amp#27;[90m&amp#27;[39m
INFO  eFlipcart - Application Opened.
English
&amp#27;[35m[HTTP]&amp#27;[39m &amp#27;[37m-->&amp#27;[39m &amp#27;[37mPOST&amp#27;[39m &amp#27;[37m/wd/hub/session/e6767a0b-d963-4e68-81cc-0a1ddf5722d4/timeouts&amp#27;[39m
&amp#27;[35m[HTTP]&amp#27;[39m &amp#27;[90m{"implicit":10000}&amp#27;[39m
[debug] &amp#27;[35m[W3C (e6767a0b)]&amp#27;[39m Calling AppiumDriver.timeouts() with args: [null,null,null,null,10000,"e6767a0b-d963-4e68-81cc-0a1ddf5722d4"]
[debug] &amp#27;[35m[BaseDriver]&amp#27;[39m W3C timeout argument: {"implicit":10000}}
[debug] &amp#27;[35m[BaseDriver]&amp#27;[39m Set implicit wait to 10000ms
[debug] &amp#27;[35m[W3C (e6767a0b)]&amp#27;[39m Responding to client with driver.timeouts() result: null
&amp#27;[35m[HTTP]&amp#27;[39m &amp#27;[37m<-- POST /wd/hub/session/e6767a0b-d963-4e68-81cc-0a1ddf5722d4/timeouts &amp#27;[39m&amp#27;[32m200&amp#27;[39m &amp#27;[90m6 ms - 14&amp#27;[39m
&amp#27;[35m[HTTP]&amp#27;[39m &amp#27;[90m&amp#27;[39m
&amp#27;[35m[HTTP]&amp#27;[39m &amp#27;[37m-->&amp#27;[39m &amp#27;[37mPOST&amp#27;[39m &amp#27;[37m/wd/hub/session/e6767a0b-d963-4e68-81cc-0a1ddf5722d4/element&amp#27;[39m
&amp#27;[35m[HTTP]&amp#27;[39m &amp#27;[90m{"using":"-android uiautomator","value":"new UiScrollable(new UiSelector()).scrollIntoView(text(\"English\"));"}&amp#27;[39m
[debug] &amp#27;[35m[W3C (e6767a0b)]&amp#27;[39m Calling AppiumDriver.findElement() with args: ["-android uiautomator","new UiScrollable(new UiSelector()).scrollIntoView(text(\"English\"));","e6767a0b-d963-4e68-81cc-0a1ddf5722d4"]
[debug] &amp#27;[35m[BaseDriver]&amp#27;[39m Valid locator strategies for this request: xpath, id, class name, accessibility id, css selector, -android uiautomator
[debug] &amp#27;[35m[BaseDriver]&amp#27;[39m Waiting up to 10000 ms for condition
[debug] &amp#27;[35m[WD Proxy]&amp#27;[39m Matched '/element' to command name 'findElement'
[debug] &amp#27;[35m[WD Proxy]&amp#27;[39m Proxying [POST /element] to [POST http://127.0.0.1:8200/wd/hub/session/8406dc1c-99a8-4556-8e1e-10c478a9b734/element] with body: {"strategy":"-android uiautomator","selector":"new UiScrollable(new UiSelector()).scrollIntoView(text(\"English\"));","context":"","multiple":false}
[debug] &amp#27;[35m[WD Proxy]&amp#27;[39m Got response with status 200: {"sessionId":"8406dc1c-99a8-4556-8e1e-10c478a9b734","value":{"ELEMENT":"37dd9078-552b-4066-82e3-6f2473802af7","element-6066-11e4-a52e-4f735466cecf":"37dd9078-552b-4066-82e3-6f2473802af7"}}
[debug] &amp#27;[35m[W3C (e6767a0b)]&amp#27;[39m Responding to client with driver.findElement() result: {"element-6066-11e4-a52e-4f735466cecf":"37dd9078-552b-4066-82e3-6f2473802af7","ELEMENT":"37dd9078-552b-4066-82e3-6f2473802af7"}
&amp#27;[35m[HTTP]&amp#27;[39m &amp#27;[37m<-- POST /wd/hub/session/e6767a0b-d963-4e68-81cc-0a1ddf5722d4/element &amp#27;[39m&amp#27;[32m200&amp#27;[39m &amp#27;[90m4223 ms - 137&amp#27;[39m
&amp#27;[35m[HTTP]&amp#27;[39m &amp#27;[90m&amp#27;[39m
&amp#27;[35m[HTTP]&amp#27;[39m &amp#27;[37m-->&amp#27;[39m &amp#27;[37mPOST&amp#27;[39m &amp#27;[37m/wd/hub/session/e6767a0b-d963-4e68-81cc-0a1ddf5722d4/element&amp#27;[39m
&amp#27;[35m[HTTP]&amp#27;[39m &amp#27;[90m{"using":"xpath","value":"//*[@text='English']"}&amp#27;[39m
[debug] &amp#27;[35m[W3C (e6767a0b)]&amp#27;[39m Calling AppiumDriver.findElement() with args: ["xpath","//*[@text='English']","e6767a0b-d963-4e68-81cc-0a1ddf5722d4"]
[debug] &amp#27;[35m[BaseDriver]&amp#27;[39m Valid locator strategies for this request: xpath, id, class name, accessibility id, css selector, -android uiautomator
[debug] &amp#27;[35m[BaseDriver]&amp#27;[39m Waiting up to 10000 ms for condition
[debug] &amp#27;[35m[WD Proxy]&amp#27;[39m Matched '/element' to command name 'findElement'
[debug] &amp#27;[35m[WD Proxy]&amp#27;[39m Proxying [POST /element] to [POST http://127.0.0.1:8200/wd/hub/session/8406dc1c-99a8-4556-8e1e-10c478a9b734/element] with body: {"strategy":"xpath","selector":"//*[@text='English']","context":"","multiple":false}
[debug] &amp#27;[35m[WD Proxy]&amp#27;[39m Got response with status 200: {"sessionId":"8406dc1c-99a8-4556-8e1e-10c478a9b734","value":{"ELEMENT":"d3b55ad6-2a51-4666-b0ab-d03798405991","element-6066-11e4-a52e-4f735466cecf":"d3b55ad6-2a51-4666-b0ab-d03798405991"}}
[debug] &amp#27;[35m[W3C (e6767a0b)]&amp#27;[39m Responding to client with driver.findElement() result: {"element-6066-11e4-a52e-4f735466cecf":"d3b55ad6-2a51-4666-b0ab-d03798405991","ELEMENT":"d3b55ad6-2a51-4666-b0ab-d03798405991"}
&amp#27;[35m[HTTP]&amp#27;[39m &amp#27;[37m<-- POST /wd/hub/session/e6767a0b-d963-4e68-81cc-0a1ddf5722d4/element &amp#27;[39m&amp#27;[32m200&amp#27;[39m &amp#27;[90m319 ms - 137&amp#27;[39m
&amp#27;[35m[HTTP]&amp#27;[39m &amp#27;[90m&amp#27;[39m
&amp#27;[35m[HTTP]&amp#27;[39m &amp#27;[37m-->&amp#27;[39m &amp#27;[37mPOST&amp#27;[39m &amp#27;[37m/wd/hub/session/e6767a0b-d963-4e68-81cc-0a1ddf5722d4/element/d3b55ad6-2a51-4666-b0ab-d03798405991/click&amp#27;[39m
&amp#27;[35m[HTTP]&amp#27;[39m &amp#27;[90m{"id":"d3b55ad6-2a51-4666-b0ab-d03798405991"}&amp#27;[39m
[debug] &amp#27;[35m[W3C (e6767a0b)]&amp#27;[39m Calling AppiumDriver.click() with args: ["d3b55ad6-2a51-4666-b0ab-d03798405991","e6767a0b-d963-4e68-81cc-0a1ddf5722d4"]
[debug] &amp#27;[35m[WD Proxy]&amp#27;[39m Matched '/element/d3b55ad6-2a51-4666-b0ab-d03798405991/click' to command name 'click'
[debug] &amp#27;[35m[WD Proxy]&amp#27;[39m Proxying [POST /element/d3b55ad6-2a51-4666-b0ab-d03798405991/click] to [POST http://127.0.0.1:8200/wd/hub/session/8406dc1c-99a8-4556-8e1e-10c478a9b734/element/d3b55ad6-2a51-4666-b0ab-d03798405991/click] with body: {"element":"d3b55ad6-2a51-4666-b0ab-d03798405991"}
[debug] &amp#27;[35m[WD Proxy]&amp#27;[39m Got response with status 200: {"sessionId":"8406dc1c-99a8-4556-8e1e-10c478a9b734","value":null}
[debug] &amp#27;[35m[W3C (e6767a0b)]&amp#27;[39m Responding to client with driver.click() result: null
&amp#27;[35m[HTTP]&amp#27;[39m &amp#27;[37m<-- POST /wd/hub/session/e6767a0b-d963-4e68-81cc-0a1ddf5722d4/element/d3b55ad6-2a51-4666-b0ab-d03798405991/click &amp#27;[39m&amp#27;[32m200&amp#27;[39m &amp#27;[90m81 ms - 14&amp#27;[39m
&amp#27;[35m[HTTP]&amp#27;[39m &amp#27;[90m&amp#27;[39m
&amp#27;[35m[HTTP]&amp#27;[39m &amp#27;[37m-->&amp#27;[39m &amp#27;[37mPOST&amp#27;[39m &amp#27;[37m/wd/hub/session/e6767a0b-d963-4e68-81cc-0a1ddf5722d4/element&amp#27;[39m
&amp#27;[35m[HTTP]&amp#27;[39m &amp#27;[90m{"using":"id","value":"com.flipkart.android:id/select_btn"}&amp#27;[39m
[debug] &amp#27;[35m[W3C (e6767a0b)]&amp#27;[39m Calling AppiumDriver.findElement() with args: ["id","com.flipkart.android:id/select_btn","e6767a0b-d963-4e68-81cc-0a1ddf5722d4"]
[debug] &amp#27;[35m[BaseDriver]&amp#27;[39m Valid locator strategies for this request: xpath, id, class name, accessibility id, css selector, -android uiautomator
[debug] &amp#27;[35m[BaseDriver]&amp#27;[39m Waiting up to 10000 ms for condition
[debug] &amp#27;[35m[WD Proxy]&amp#27;[39m Matched '/element' to command name 'findElement'
[debug] &amp#27;[35m[WD Proxy]&amp#27;[39m Proxying [POST /element] to [POST http://127.0.0.1:8200/wd/hub/session/8406dc1c-99a8-4556-8e1e-10c478a9b734/element] with body: {"strategy":"id","selector":"com.flipkart.android:id/select_btn","context":"","multiple":false}
[debug] &amp#27;[35m[WD Proxy]&amp#27;[39m Got response with status 200: {"sessionId":"8406dc1c-99a8-4556-8e1e-10c478a9b734","value":{"ELEMENT":"17eba28e-fc79-463b-aa5f-fb080eae031b","element-6066-11e4-a52e-4f735466cecf":"17eba28e-fc79-463b-aa5f-fb080eae031b"}}
[debug] &amp#27;[35m[W3C (e6767a0b)]&amp#27;[39m Responding to client with driver.findElement() result: {"element-6066-11e4-a52e-4f735466cecf":"17eba28e-fc79-463b-aa5f-fb080eae031b","ELEMENT":"17eba28e-fc79-463b-aa5f-fb080eae031b"}
&amp#27;[35m[HTTP]&amp#27;[39m &amp#27;[37m<-- POST /wd/hub/session/e6767a0b-d963-4e68-81cc-0a1ddf5722d4/element &amp#27;[39m&amp#27;[32m200&amp#27;[39m &amp#27;[90m924 ms - 137&amp#27;[39m
&amp#27;[35m[HTTP]&amp#27;[39m &amp#27;[90m&amp#27;[39m
&amp#27;[35m[HTTP]&amp#27;[39m &amp#27;[37m-->&amp#27;[39m &amp#27;[37mPOST&amp#27;[39m &amp#27;[37m/wd/hub/session/e6767a0b-d963-4e68-81cc-0a1ddf5722d4/element/17eba28e-fc79-463b-aa5f-fb080eae031b/click&amp#27;[39m
&amp#27;[35m[HTTP]&amp#27;[39m &amp#27;[90m{"id":"17eba28e-fc79-463b-aa5f-fb080eae031b"}&amp#27;[39m
[debug] &amp#27;[35m[W3C (e6767a0b)]&amp#27;[39m Calling AppiumDriver.click() with args: ["17eba28e-fc79-463b-aa5f-fb080eae031b","e6767a0b-d963-4e68-81cc-0a1ddf5722d4"]
[debug] &amp#27;[35m[WD Proxy]&amp#27;[39m Matched '/element/17eba28e-fc79-463b-aa5f-fb080eae031b/click' to command name 'click'
[debug] &amp#27;[35m[WD Proxy]&amp#27;[39m Proxying [POST /element/17eba28e-fc79-463b-aa5f-fb080eae031b/click] to [POST http://127.0.0.1:8200/wd/hub/session/8406dc1c-99a8-4556-8e1e-10c478a9b734/element/17eba28e-fc79-463b-aa5f-fb080eae031b/click] with body: {"element":"17eba28e-fc79-463b-aa5f-fb080eae031b"}
[debug] &amp#27;[35m[WD Proxy]&amp#27;[39m Got response with status 200: {"sessionId":"8406dc1c-99a8-4556-8e1e-10c478a9b734","value":null}
[debug] &amp#27;[35m[W3C (e6767a0b)]&amp#27;[39m Responding to client with driver.click() result: null
&amp#27;[35m[HTTP]&amp#27;[39m &amp#27;[37m<-- POST /wd/hub/session/e6767a0b-d963-4e68-81cc-0a1ddf5722d4/element/17eba28e-fc79-463b-aa5f-fb080eae031b/click &amp#27;[39m&amp#27;[32m200&amp#27;[39m &amp#27;[90m586 ms - 14&amp#27;[39m
&amp#27;[35m[HTTP]&amp#27;[39m &amp#27;[90m&amp#27;[39m
&amp#27;[35m[HTTP]&amp#27;[39m &amp#27;[37m-->&amp#27;[39m &amp#27;[37mPOST&amp#27;[39m &amp#27;[37m/wd/hub/session/e6767a0b-d963-4e68-81cc-0a1ddf5722d4/timeouts&amp#27;[39m
&amp#27;[35m[HTTP]&amp#27;[39m &amp#27;[90m{"implicit":40000}&amp#27;[39m
[debug] &amp#27;[35m[W3C (e6767a0b)]&amp#27;[39m Calling AppiumDriver.timeouts() with args: [null,null,null,null,40000,"e6767a0b-d963-4e68-81cc-0a1ddf5722d4"]
[debug] &amp#27;[35m[BaseDriver]&amp#27;[39m W3C timeout argument: {"implicit":40000}}
[debug] &amp#27;[35m[BaseDriver]&amp#27;[39m Set implicit wait to 40000ms
[debug] &amp#27;[35m[W3C (e6767a0b)]&amp#27;[39m Responding to client with driver.timeouts() result: null
&amp#27;[35m[HTTP]&amp#27;[39m &amp#27;[37m<-- POST /wd/hub/session/e6767a0b-d963-4e68-81cc-0a1ddf5722d4/timeouts &amp#27;[39m&amp#27;[32m200&amp#27;[39m &amp#27;[90m5 ms - 14&amp#27;[39m
&amp#27;[35m[HTTP]&amp#27;[39m &amp#27;[90m&amp#27;[39m
&amp#27;[35m[HTTP]&amp#27;[39m &amp#27;[37m-->&amp#27;[39m &amp#27;[37mPOST&amp#27;[39m &amp#27;[37m/wd/hub/session/e6767a0b-d963-4e68-81cc-0a1ddf5722d4/element&amp#27;[39m
&amp#27;[35m[HTTP]&amp#27;[39m &amp#27;[90m{"using":"id","value":"com.google.android.gms:id/cancel"}&amp#27;[39m
[debug] &amp#27;[35m[W3C (e6767a0b)]&amp#27;[39m Calling AppiumDriver.findElement() with args: ["id","com.google.android.gms:id/cancel","e6767a0b-d963-4e68-81cc-0a1ddf5722d4"]
[debug] &amp#27;[35m[BaseDriver]&amp#27;[39m Valid locator strategies for this request: xpath, id, class name, accessibility id, css selector, -android uiautomator
[debug] &amp#27;[35m[BaseDriver]&amp#27;[39m Waiting up to 40000 ms for condition
[debug] &amp#27;[35m[WD Proxy]&amp#27;[39m Matched '/element' to command name 'findElement'
[debug] &amp#27;[35m[WD Proxy]&amp#27;[39m Proxying [POST /element] to [POST http://127.0.0.1:8200/wd/hub/session/8406dc1c-99a8-4556-8e1e-10c478a9b734/element] with body: {"strategy":"id","selector":"com.google.android.gms:id/cancel","context":"","multiple":false}
&amp#27;[35m[WD Proxy]&amp#27;[39m Got response with status 404: {"sessionId":"8406dc1c-99a8-4556-8e1e-10c478a9b734","value":{"error":"no such element","message":"An element could not be located on the page using the given search parameters","stacktrace":"io.appium.uiautomator2.common.exceptions.ElementNotFoundException: An element could not be located on the page using the given search parameters\n\tat io.appium.uiautomator2.handler.FindElement.safeHandle(FindElement.java:70)\n\tat io.appium.uiautomator2.handler.request.SafeRequestHandler.handle(SafeRequestHandler.java:41)\n\tat io.appium.uiautomator2.server.AppiumServlet.handleRequest(AppiumServlet.java:261)\n\tat io.appium.uiautomator2.server.AppiumServlet.handleHttpRequest(AppiumServlet.java:255)\n\tat io.appium.uiautomator2.http.ServerHandler.channelRead(ServerHandler.java:68)\n\tat io.netty.channel.AbstractChannelHandlerContext.invokeChannelRead(AbstractChannelHandlerContext.java:366)\n\tat io.netty.channel.AbstractChannelHandlerContext.invokeChannelRead(AbstractChannelHandlerContext.java:352)\n\tat io.netty.chann...
[debug] &amp#27;[35m[W3C]&amp#27;[39m Matched W3C error code 'no such element' to NoSuchElementError
[debug] &amp#27;[35m[BaseDriver]&amp#27;[39m Waited for 153 ms so far
[debug] &amp#27;[35m[WD Proxy]&amp#27;[39m Matched '/element' to command name 'findElement'
[debug] &amp#27;[35m[WD Proxy]&amp#27;[39m Proxying [POST /element] to [POST http://127.0.0.1:8200/wd/hub/session/8406dc1c-99a8-4556-8e1e-10c478a9b734/element] with body: {"strategy":"id","selector":"com.google.android.gms:id/cancel","context":"","multiple":false}
&amp#27;[35m[WD Proxy]&amp#27;[39m Got response with status 404: {"sessionId":"8406dc1c-99a8-4556-8e1e-10c478a9b734","value":{"error":"no such element","message":"An element could not be located on the page using the given search parameters","stacktrace":"io.appium.uiautomator2.common.exceptions.ElementNotFoundException: An element could not be located on the page using the given search parameters\n\tat io.appium.uiautomator2.handler.FindElement.safeHandle(FindElement.java:70)\n\tat io.appium.uiautomator2.handler.request.SafeRequestHandler.handle(SafeRequestHandler.java:41)\n\tat io.appium.uiautomator2.server.AppiumServlet.handleRequest(AppiumServlet.java:261)\n\tat io.appium.uiautomator2.server.AppiumServlet.handleHttpRequest(AppiumServlet.java:255)\n\tat io.appium.uiautomator2.http.ServerHandler.channelRead(ServerHandler.java:68)\n\tat io.netty.channel.AbstractChannelHandlerContext.invokeChannelRead(AbstractChannelHandlerContext.java:366)\n\tat io.netty.channel.AbstractChannelHandlerContext.invokeChannelRead(AbstractChannelHandlerContext.java:352)\n\tat io.netty.chann...
[debug] &amp#27;[35m[W3C]&amp#27;[39m Matched W3C error code 'no such element' to NoSuchElementError
[debug] &amp#27;[35m[BaseDriver]&amp#27;[39m Waited for 803 ms so far
[debug] &amp#27;[35m[WD Proxy]&amp#27;[39m Matched '/element' to command name 'findElement'
[debug] &amp#27;[35m[WD Proxy]&amp#27;[39m Proxying [POST /element] to [POST http://127.0.0.1:8200/wd/hub/session/8406dc1c-99a8-4556-8e1e-10c478a9b734/element] with body: {"strategy":"id","selector":"com.google.android.gms:id/cancel","context":"","multiple":false}
&amp#27;[35m[WD Proxy]&amp#27;[39m Got response with status 404: {"sessionId":"8406dc1c-99a8-4556-8e1e-10c478a9b734","value":{"error":"no such element","message":"An element could not be located on the page using the given search parameters","stacktrace":"io.appium.uiautomator2.common.exceptions.ElementNotFoundException: An element could not be located on the page using the given search parameters\n\tat io.appium.uiautomator2.handler.FindElement.safeHandle(FindElement.java:70)\n\tat io.appium.uiautomator2.handler.request.SafeRequestHandler.handle(SafeRequestHandler.java:41)\n\tat io.appium.uiautomator2.server.AppiumServlet.handleRequest(AppiumServlet.java:261)\n\tat io.appium.uiautomator2.server.AppiumServlet.handleHttpRequest(AppiumServlet.java:255)\n\tat io.appium.uiautomator2.http.ServerHandler.channelRead(ServerHandler.java:68)\n\tat io.netty.channel.AbstractChannelHandlerContext.invokeChannelRead(AbstractChannelHandlerContext.java:366)\n\tat io.netty.channel.AbstractChannelHandlerContext.invokeChannelRead(AbstractChannelHandlerContext.java:352)\n\tat io.netty.chann...
[debug] &amp#27;[35m[W3C]&amp#27;[39m Matched W3C error code 'no such element' to NoSuchElementError
[debug] &amp#27;[35m[BaseDriver]&amp#27;[39m Waited for 1983 ms so far
[debug] &amp#27;[35m[WD Proxy]&amp#27;[39m Matched '/element' to command name 'findElement'
[debug] &amp#27;[35m[WD Proxy]&amp#27;[39m Proxying [POST /element] to [POST http://127.0.0.1:8200/wd/hub/session/8406dc1c-99a8-4556-8e1e-10c478a9b734/element] with body: {"strategy":"id","selector":"com.google.android.gms:id/cancel","context":"","multiple":false}
&amp#27;[35m[WD Proxy]&amp#27;[39m Got response with status 404: {"sessionId":"8406dc1c-99a8-4556-8e1e-10c478a9b734","value":{"error":"no such element","message":"An element could not be located on the page using the given search parameters","stacktrace":"io.appium.uiautomator2.common.exceptions.ElementNotFoundException: An element could not be located on the page using the given search parameters\n\tat io.appium.uiautomator2.handler.FindElement.safeHandle(FindElement.java:70)\n\tat io.appium.uiautomator2.handler.request.SafeRequestHandler.handle(SafeRequestHandler.java:41)\n\tat io.appium.uiautomator2.server.AppiumServlet.handleRequest(AppiumServlet.java:261)\n\tat io.appium.uiautomator2.server.AppiumServlet.handleHttpRequest(AppiumServlet.java:255)\n\tat io.appium.uiautomator2.http.ServerHandler.channelRead(ServerHandler.java:68)\n\tat io.netty.channel.AbstractChannelHandlerContext.invokeChannelRead(AbstractChannelHandlerContext.java:366)\n\tat io.netty.channel.AbstractChannelHandlerContext.invokeChannelRead(AbstractChannelHandlerContext.java:352)\n\tat io.netty.chann...
[debug] &amp#27;[35m[W3C]&amp#27;[39m Matched W3C error code 'no such element' to NoSuchElementError
[debug] &amp#27;[35m[BaseDriver]&amp#27;[39m Waited for 2536 ms so far
[debug] &amp#27;[35m[WD Proxy]&amp#27;[39m Matched '/element' to command name 'findElement'
[debug] &amp#27;[35m[WD Proxy]&amp#27;[39m Proxying [POST /element] to [POST http://127.0.0.1:8200/wd/hub/session/8406dc1c-99a8-4556-8e1e-10c478a9b734/element] with body: {"strategy":"id","selector":"com.google.android.gms:id/cancel","context":"","multiple":false}
&amp#27;[35m[WD Proxy]&amp#27;[39m Got response with status 404: {"sessionId":"8406dc1c-99a8-4556-8e1e-10c478a9b734","value":{"error":"no such element","message":"An element could not be located on the page using the given search parameters","stacktrace":"io.appium.uiautomator2.common.exceptions.ElementNotFoundException: An element could not be located on the page using the given search parameters\n\tat io.appium.uiautomator2.handler.FindElement.safeHandle(FindElement.java:70)\n\tat io.appium.uiautomator2.handler.request.SafeRequestHandler.handle(SafeRequestHandler.java:41)\n\tat io.appium.uiautomator2.server.AppiumServlet.handleRequest(AppiumServlet.java:261)\n\tat io.appium.uiautomator2.server.AppiumServlet.handleHttpRequest(AppiumServlet.java:255)\n\tat io.appium.uiautomator2.http.ServerHandler.channelRead(ServerHandler.java:68)\n\tat io.netty.channel.AbstractChannelHandlerContext.invokeChannelRead(AbstractChannelHandlerContext.java:366)\n\tat io.netty.channel.AbstractChannelHandlerContext.invokeChannelRead(AbstractChannelHandlerContext.java:352)\n\tat io.netty.chann...
[debug] &amp#27;[35m[W3C]&amp#27;[39m Matched W3C error code 'no such element' to NoSuchElementError
[debug] &amp#27;[35m[BaseDriver]&amp#27;[39m Waited for 3115 ms so far
[debug] &amp#27;[35m[WD Proxy]&amp#27;[39m Matched '/element' to command name 'findElement'
[debug] &amp#27;[35m[WD Proxy]&amp#27;[39m Proxying [POST /element] to [POST http://127.0.0.1:8200/wd/hub/session/8406dc1c-99a8-4556-8e1e-10c478a9b734/element] with body: {"strategy":"id","selector":"com.google.android.gms:id/cancel","context":"","multiple":false}
&amp#27;[35m[WD Proxy]&amp#27;[39m Got response with status 404: {"sessionId":"8406dc1c-99a8-4556-8e1e-10c478a9b734","value":{"error":"no such element","message":"An element could not be located on the page using the given search parameters","stacktrace":"io.appium.uiautomator2.common.exceptions.ElementNotFoundException: An element could not be located on the page using the given search parameters\n\tat io.appium.uiautomator2.handler.FindElement.safeHandle(FindElement.java:70)\n\tat io.appium.uiautomator2.handler.request.SafeRequestHandler.handle(SafeRequestHandler.java:41)\n\tat io.appium.uiautomator2.server.AppiumServlet.handleRequest(AppiumServlet.java:261)\n\tat io.appium.uiautomator2.server.AppiumServlet.handleHttpRequest(AppiumServlet.java:255)\n\tat io.appium.uiautomator2.http.ServerHandler.channelRead(ServerHandler.java:68)\n\tat io.netty.channel.AbstractChannelHandlerContext.invokeChannelRead(AbstractChannelHandlerContext.java:366)\n\tat io.netty.channel.AbstractChannelHandlerContext.invokeChannelRead(AbstractChannelHandlerContext.java:352)\n\tat io.netty.chann...
[debug] &amp#27;[35m[W3C]&amp#27;[39m Matched W3C error code 'no such element' to NoSuchElementError
[debug] &amp#27;[35m[BaseDriver]&amp#27;[39m Waited for 3676 ms so far
[debug] &amp#27;[35m[WD Proxy]&amp#27;[39m Matched '/element' to command name 'findElement'
[debug] &amp#27;[35m[WD Proxy]&amp#27;[39m Proxying [POST /element] to [POST http://127.0.0.1:8200/wd/hub/session/8406dc1c-99a8-4556-8e1e-10c478a9b734/element] with body: {"strategy":"id","selector":"com.google.android.gms:id/cancel","context":"","multiple":false}
&amp#27;[35m[WD Proxy]&amp#27;[39m Got response with status 404: {"sessionId":"8406dc1c-99a8-4556-8e1e-10c478a9b734","value":{"error":"no such element","message":"An element could not be located on the page using the given search parameters","stacktrace":"io.appium.uiautomator2.common.exceptions.ElementNotFoundException: An element could not be located on the page using the given search parameters\n\tat io.appium.uiautomator2.handler.FindElement.safeHandle(FindElement.java:70)\n\tat io.appium.uiautomator2.handler.request.SafeRequestHandler.handle(SafeRequestHandler.java:41)\n\tat io.appium.uiautomator2.server.AppiumServlet.handleRequest(AppiumServlet.java:261)\n\tat io.appium.uiautomator2.server.AppiumServlet.handleHttpRequest(AppiumServlet.java:255)\n\tat io.appium.uiautomator2.http.ServerHandler.channelRead(ServerHandler.java:68)\n\tat io.netty.channel.AbstractChannelHandlerContext.invokeChannelRead(AbstractChannelHandlerContext.java:366)\n\tat io.netty.channel.AbstractChannelHandlerContext.invokeChannelRead(AbstractChannelHandlerContext.java:352)\n\tat io.netty.chann...
[debug] &amp#27;[35m[W3C]&amp#27;[39m Matched W3C error code 'no such element' to NoSuchElementError
[debug] &amp#27;[35m[BaseDriver]&amp#27;[39m Waited for 4235 ms so far
[debug] &amp#27;[35m[WD Proxy]&amp#27;[39m Matched '/element' to command name 'findElement'
[debug] &amp#27;[35m[WD Proxy]&amp#27;[39m Proxying [POST /element] to [POST http://127.0.0.1:8200/wd/hub/session/8406dc1c-99a8-4556-8e1e-10c478a9b734/element] with body: {"strategy":"id","selector":"com.google.android.gms:id/cancel","context":"","multiple":false}
&amp#27;[35m[WD Proxy]&amp#27;[39m Got response with status 404: {"sessionId":"8406dc1c-99a8-4556-8e1e-10c478a9b734","value":{"error":"no such element","message":"An element could not be located on the page using the given search parameters","stacktrace":"io.appium.uiautomator2.common.exceptions.ElementNotFoundException: An element could not be located on the page using the given search parameters\n\tat io.appium.uiautomator2.handler.FindElement.safeHandle(FindElement.java:70)\n\tat io.appium.uiautomator2.handler.request.SafeRequestHandler.handle(SafeRequestHandler.java:41)\n\tat io.appium.uiautomator2.server.AppiumServlet.handleRequest(AppiumServlet.java:261)\n\tat io.appium.uiautomator2.server.AppiumServlet.handleHttpRequest(AppiumServlet.java:255)\n\tat io.appium.uiautomator2.http.ServerHandler.channelRead(ServerHandler.java:68)\n\tat io.netty.channel.AbstractChannelHandlerContext.invokeChannelRead(AbstractChannelHandlerContext.java:366)\n\tat io.netty.channel.AbstractChannelHandlerContext.invokeChannelRead(AbstractChannelHandlerContext.java:352)\n\tat io.netty.chann...
[debug] &amp#27;[35m[W3C]&amp#27;[39m Matched W3C error code 'no such element' to NoSuchElementError
[debug] &amp#27;[35m[BaseDriver]&amp#27;[39m Waited for 4793 ms so far
[debug] &amp#27;[35m[WD Proxy]&amp#27;[39m Matched '/element' to command name 'findElement'
[debug] &amp#27;[35m[WD Proxy]&amp#27;[39m Proxying [POST /element] to [POST http://127.0.0.1:8200/wd/hub/session/8406dc1c-99a8-4556-8e1e-10c478a9b734/element] with body: {"strategy":"id","selector":"com.google.android.gms:id/cancel","context":"","multiple":false}
&amp#27;[35m[WD Proxy]&amp#27;[39m Got response with status 404: {"sessionId":"8406dc1c-99a8-4556-8e1e-10c478a9b734","value":{"error":"no such element","message":"An element could not be located on the page using the given search parameters","stacktrace":"io.appium.uiautomator2.common.exceptions.ElementNotFoundException: An element could not be located on the page using the given search parameters\n\tat io.appium.uiautomator2.handler.FindElement.safeHandle(FindElement.java:70)\n\tat io.appium.uiautomator2.handler.request.SafeRequestHandler.handle(SafeRequestHandler.java:41)\n\tat io.appium.uiautomator2.server.AppiumServlet.handleRequest(AppiumServlet.java:261)\n\tat io.appium.uiautomator2.server.AppiumServlet.handleHttpRequest(AppiumServlet.java:255)\n\tat io.appium.uiautomator2.http.ServerHandler.channelRead(ServerHandler.java:68)\n\tat io.netty.channel.AbstractChannelHandlerContext.invokeChannelRead(AbstractChannelHandlerContext.java:366)\n\tat io.netty.channel.AbstractChannelHandlerContext.invokeChannelRead(AbstractChannelHandlerContext.java:352)\n\tat io.netty.chann...
[debug] &amp#27;[35m[W3C]&amp#27;[39m Matched W3C error code 'no such element' to NoSuchElementError
[debug] &amp#27;[35m[BaseDriver]&amp#27;[39m Waited for 5344 ms so far
[debug] &amp#27;[35m[WD Proxy]&amp#27;[39m Matched '/element' to command name 'findElement'
[debug] &amp#27;[35m[WD Proxy]&amp#27;[39m Proxying [POST /element] to [POST http://127.0.0.1:8200/wd/hub/session/8406dc1c-99a8-4556-8e1e-10c478a9b734/element] with body: {"strategy":"id","selector":"com.google.android.gms:id/cancel","context":"","multiple":false}
&amp#27;[35m[WD Proxy]&amp#27;[39m Got response with status 404: {"sessionId":"8406dc1c-99a8-4556-8e1e-10c478a9b734","value":{"error":"no such element","message":"An element could not be located on the page using the given search parameters","stacktrace":"io.appium.uiautomator2.common.exceptions.ElementNotFoundException: An element could not be located on the page using the given search parameters\n\tat io.appium.uiautomator2.handler.FindElement.safeHandle(FindElement.java:70)\n\tat io.appium.uiautomator2.handler.request.SafeRequestHandler.handle(SafeRequestHandler.java:41)\n\tat io.appium.uiautomator2.server.AppiumServlet.handleRequest(AppiumServlet.java:261)\n\tat io.appium.uiautomator2.server.AppiumServlet.handleHttpRequest(AppiumServlet.java:255)\n\tat io.appium.uiautomator2.http.ServerHandler.channelRead(ServerHandler.java:68)\n\tat io.netty.channel.AbstractChannelHandlerContext.invokeChannelRead(AbstractChannelHandlerContext.java:366)\n\tat io.netty.channel.AbstractChannelHandlerContext.invokeChannelRead(AbstractChannelHandlerContext.java:352)\n\tat io.netty.chann...
[debug] &amp#27;[35m[W3C]&amp#27;[39m Matched W3C error code 'no such element' to NoSuchElementError
[debug] &amp#27;[35m[BaseDriver]&amp#27;[39m Waited for 6311 ms so far
[debug] &amp#27;[35m[WD Proxy]&amp#27;[39m Matched '/element' to command name 'findElement'
[debug] &amp#27;[35m[WD Proxy]&amp#27;[39m Proxying [POST /element] to [POST http://127.0.0.1:8200/wd/hub/session/8406dc1c-99a8-4556-8e1e-10c478a9b734/element] with body: {"strategy":"id","selector":"com.google.android.gms:id/cancel","context":"","multiple":false}
&amp#27;[35m[WD Proxy]&amp#27;[39m Got response with status 404: {"sessionId":"8406dc1c-99a8-4556-8e1e-10c478a9b734","value":{"error":"no such element","message":"An element could not be located on the page using the given search parameters","stacktrace":"io.appium.uiautomator2.common.exceptions.ElementNotFoundException: An element could not be located on the page using the given search parameters\n\tat io.appium.uiautomator2.handler.FindElement.safeHandle(FindElement.java:70)\n\tat io.appium.uiautomator2.handler.request.SafeRequestHandler.handle(SafeRequestHandler.java:41)\n\tat io.appium.uiautomator2.server.AppiumServlet.handleRequest(AppiumServlet.java:261)\n\tat io.appium.uiautomator2.server.AppiumServlet.handleHttpRequest(AppiumServlet.java:255)\n\tat io.appium.uiautomator2.http.ServerHandler.channelRead(ServerHandler.java:68)\n\tat io.netty.channel.AbstractChannelHandlerContext.invokeChannelRead(AbstractChannelHandlerContext.java:366)\n\tat io.netty.channel.AbstractChannelHandlerContext.invokeChannelRead(AbstractChannelHandlerContext.java:352)\n\tat io.netty.chann...
[debug] &amp#27;[35m[W3C]&amp#27;[39m Matched W3C error code 'no such element' to NoSuchElementError
[debug] &amp#27;[35m[BaseDriver]&amp#27;[39m Waited for 6847 ms so far
[debug] &amp#27;[35m[WD Proxy]&amp#27;[39m Matched '/element' to command name 'findElement'
[debug] &amp#27;[35m[WD Proxy]&amp#27;[39m Proxying [POST /element] to [POST http://127.0.0.1:8200/wd/hub/session/8406dc1c-99a8-4556-8e1e-10c478a9b734/element] with body: {"strategy":"id","selector":"com.google.android.gms:id/cancel","context":"","multiple":false}
[debug] &amp#27;[35m[WD Proxy]&amp#27;[39m Got response with status 200: {"sessionId":"8406dc1c-99a8-4556-8e1e-10c478a9b734","value":{"ELEMENT":"48bd3413-5c3a-492a-9e65-d20e90780e61","element-6066-11e4-a52e-4f735466cecf":"48bd3413-5c3a-492a-9e65-d20e90780e61"}}
[debug] &amp#27;[35m[W3C (e6767a0b)]&amp#27;[39m Responding to client with driver.findElement() result: {"element-6066-11e4-a52e-4f735466cecf":"48bd3413-5c3a-492a-9e65-d20e90780e61","ELEMENT":"48bd3413-5c3a-492a-9e65-d20e90780e61"}
&amp#27;[35m[HTTP]&amp#27;[39m &amp#27;[37m<-- POST /wd/hub/session/e6767a0b-d963-4e68-81cc-0a1ddf5722d4/element &amp#27;[39m&amp#27;[32m200&amp#27;[39m &amp#27;[90m7859 ms - 137&amp#27;[39m
&amp#27;[35m[HTTP]&amp#27;[39m &amp#27;[90m&amp#27;[39m
&amp#27;[35m[HTTP]&amp#27;[39m &amp#27;[37m-->&amp#27;[39m &amp#27;[37mPOST&amp#27;[39m &amp#27;[37m/wd/hub/session/e6767a0b-d963-4e68-81cc-0a1ddf5722d4/element/48bd3413-5c3a-492a-9e65-d20e90780e61/click&amp#27;[39m
&amp#27;[35m[HTTP]&amp#27;[39m &amp#27;[90m{"id":"48bd3413-5c3a-492a-9e65-d20e90780e61"}&amp#27;[39m
[debug] &amp#27;[35m[W3C (e6767a0b)]&amp#27;[39m Calling AppiumDriver.click() with args: ["48bd3413-5c3a-492a-9e65-d20e90780e61","e6767a0b-d963-4e68-81cc-0a1ddf5722d4"]
[debug] &amp#27;[35m[WD Proxy]&amp#27;[39m Matched '/element/48bd3413-5c3a-492a-9e65-d20e90780e61/click' to command name 'click'
[debug] &amp#27;[35m[WD Proxy]&amp#27;[39m Proxying [POST /element/48bd3413-5c3a-492a-9e65-d20e90780e61/click] to [POST http://127.0.0.1:8200/wd/hub/session/8406dc1c-99a8-4556-8e1e-10c478a9b734/element/48bd3413-5c3a-492a-9e65-d20e90780e61/click] with body: {"element":"48bd3413-5c3a-492a-9e65-d20e90780e61"}
[debug] &amp#27;[35m[WD Proxy]&amp#27;[39m Got response with status 200: {"sessionId":"8406dc1c-99a8-4556-8e1e-10c478a9b734","value":null}
[debug] &amp#27;[35m[W3C (e6767a0b)]&amp#27;[39m Responding to client with driver.click() result: null
&amp#27;[35m[HTTP]&amp#27;[39m &amp#27;[37m<-- POST /wd/hub/session/e6767a0b-d963-4e68-81cc-0a1ddf5722d4/element/48bd3413-5c3a-492a-9e65-d20e90780e61/click &amp#27;[39m&amp#27;[32m200&amp#27;[39m &amp#27;[90m65 ms - 14&amp#27;[39m
&amp#27;[35m[HTTP]&amp#27;[39m &amp#27;[90m&amp#27;[39m
&amp#27;[35m[HTTP]&amp#27;[39m &amp#27;[37m-->&amp#27;[39m &amp#27;[37mPOST&amp#27;[39m &amp#27;[37m/wd/hub/session/e6767a0b-d963-4e68-81cc-0a1ddf5722d4/element&amp#27;[39m
&amp#27;[35m[HTTP]&amp#27;[39m &amp#27;[90m{"using":"id","value":"com.flipkart.android:id/tv_right_cta"}&amp#27;[39m
[debug] &amp#27;[35m[W3C (e6767a0b)]&amp#27;[39m Calling AppiumDriver.findElement() with args: ["id","com.flipkart.android:id/tv_right_cta","e6767a0b-d963-4e68-81cc-0a1ddf5722d4"]
[debug] &amp#27;[35m[BaseDriver]&amp#27;[39m Valid locator strategies for this request: xpath, id, class name, accessibility id, css selector, -android uiautomator
[debug] &amp#27;[35m[BaseDriver]&amp#27;[39m Waiting up to 40000 ms for condition
[debug] &amp#27;[35m[WD Proxy]&amp#27;[39m Matched '/element' to command name 'findElement'
[debug] &amp#27;[35m[WD Proxy]&amp#27;[39m Proxying [POST /element] to [POST http://127.0.0.1:8200/wd/hub/session/8406dc1c-99a8-4556-8e1e-10c478a9b734/element] with body: {"strategy":"id","selector":"com.flipkart.android:id/tv_right_cta","context":"","multiple":false}
[debug] &amp#27;[35m[WD Proxy]&amp#27;[39m Got response with status 200: {"sessionId":"8406dc1c-99a8-4556-8e1e-10c478a9b734","value":{"ELEMENT":"ad9369cb-5727-49c0-adaf-53210d5dc5ac","element-6066-11e4-a52e-4f735466cecf":"ad9369cb-5727-49c0-adaf-53210d5dc5ac"}}
[debug] &amp#27;[35m[W3C (e6767a0b)]&amp#27;[39m Responding to client with driver.findElement() result: {"element-6066-11e4-a52e-4f735466cecf":"ad9369cb-5727-49c0-adaf-53210d5dc5ac","ELEMENT":"ad9369cb-5727-49c0-adaf-53210d5dc5ac"}
&amp#27;[35m[HTTP]&amp#27;[39m &amp#27;[37m<-- POST /wd/hub/session/e6767a0b-d963-4e68-81cc-0a1ddf5722d4/element &amp#27;[39m&amp#27;[32m200&amp#27;[39m &amp#27;[90m203 ms - 137&amp#27;[39m
&amp#27;[35m[HTTP]&amp#27;[39m &amp#27;[90m&amp#27;[39m
&amp#27;[35m[HTTP]&amp#27;[39m &amp#27;[37m-->&amp#27;[39m &amp#27;[37mPOST&amp#27;[39m &amp#27;[37m/wd/hub/session/e6767a0b-d963-4e68-81cc-0a1ddf5722d4/element/ad9369cb-5727-49c0-adaf-53210d5dc5ac/click&amp#27;[39m
&amp#27;[35m[HTTP]&amp#27;[39m &amp#27;[90m{"id":"ad9369cb-5727-49c0-adaf-53210d5dc5ac"}&amp#27;[39m
[debug] &amp#27;[35m[W3C (e6767a0b)]&amp#27;[39m Calling AppiumDriver.click() with args: ["ad9369cb-5727-49c0-adaf-53210d5dc5ac","e6767a0b-d963-4e68-81cc-0a1ddf5722d4"]
[debug] &amp#27;[35m[WD Proxy]&amp#27;[39m Matched '/element/ad9369cb-5727-49c0-adaf-53210d5dc5ac/click' to command name 'click'
[debug] &amp#27;[35m[WD Proxy]&amp#27;[39m Proxying [POST /element/ad9369cb-5727-49c0-adaf-53210d5dc5ac/click] to [POST http://127.0.0.1:8200/wd/hub/session/8406dc1c-99a8-4556-8e1e-10c478a9b734/element/ad9369cb-5727-49c0-adaf-53210d5dc5ac/click] with body: {"element":"ad9369cb-5727-49c0-adaf-53210d5dc5ac"}
[debug] &amp#27;[35m[WD Proxy]&amp#27;[39m Got response with status 200: {"sessionId":"8406dc1c-99a8-4556-8e1e-10c478a9b734","value":null}
[debug] &amp#27;[35m[W3C (e6767a0b)]&amp#27;[39m Responding to client with driver.click() result: null
&amp#27;[35m[HTTP]&amp#27;[39m &amp#27;[37m<-- POST /wd/hub/session/e6767a0b-d963-4e68-81cc-0a1ddf5722d4/element/ad9369cb-5727-49c0-adaf-53210d5dc5ac/click &amp#27;[39m&amp#27;[32m200&amp#27;[39m &amp#27;[90m2410 ms - 14&amp#27;[39m
&amp#27;[35m[HTTP]&amp#27;[39m &amp#27;[90m&amp#27;[39m
&amp#27;[35m[HTTP]&amp#27;[39m &amp#27;[37m-->&amp#27;[39m &amp#27;[37mPOST&amp#27;[39m &amp#27;[37m/wd/hub/session/e6767a0b-d963-4e68-81cc-0a1ddf5722d4/element&amp#27;[39m
&amp#27;[35m[HTTP]&amp#27;[39m &amp#27;[90m{"using":"id","value":"com.flipkart.android:id/phone_input"}&amp#27;[39m
[debug] &amp#27;[35m[W3C (e6767a0b)]&amp#27;[39m Calling AppiumDriver.findElement() with args: ["id","com.flipkart.android:id/phone_input","e6767a0b-d963-4e68-81cc-0a1ddf5722d4"]
[debug] &amp#27;[35m[BaseDriver]&amp#27;[39m Valid locator strategies for this request: xpath, id, class name, accessibility id, css selector, -android uiautomator
[debug] &amp#27;[35m[BaseDriver]&amp#27;[39m Waiting up to 40000 ms for condition
[debug] &amp#27;[35m[WD Proxy]&amp#27;[39m Matched '/element' to command name 'findElement'
[debug] &amp#27;[35m[WD Proxy]&amp#27;[39m Proxying [POST /element] to [POST http://127.0.0.1:8200/wd/hub/session/8406dc1c-99a8-4556-8e1e-10c478a9b734/element] with body: {"strategy":"id","selector":"com.flipkart.android:id/phone_input","context":"","multiple":false}
[debug] &amp#27;[35m[WD Proxy]&amp#27;[39m Got response with status 200: {"sessionId":"8406dc1c-99a8-4556-8e1e-10c478a9b734","value":{"ELEMENT":"7aa296d3-ff69-4e67-84e9-9c833d50f4c3","element-6066-11e4-a52e-4f735466cecf":"7aa296d3-ff69-4e67-84e9-9c833d50f4c3"}}
[debug] &amp#27;[35m[W3C (e6767a0b)]&amp#27;[39m Responding to client with driver.findElement() result: {"element-6066-11e4-a52e-4f735466cecf":"7aa296d3-ff69-4e67-84e9-9c833d50f4c3","ELEMENT":"7aa296d3-ff69-4e67-84e9-9c833d50f4c3"}
&amp#27;[35m[HTTP]&amp#27;[39m &amp#27;[37m<-- POST /wd/hub/session/e6767a0b-d963-4e68-81cc-0a1ddf5722d4/element &amp#27;[39m&amp#27;[32m200&amp#27;[39m &amp#27;[90m44 ms - 137&amp#27;[39m
&amp#27;[35m[HTTP]&amp#27;[39m &amp#27;[90m&amp#27;[39m
&amp#27;[35m[HTTP]&amp#27;[39m &amp#27;[37m-->&amp#27;[39m &amp#27;[37mPOST&amp#27;[39m &amp#27;[37m/wd/hub/session/e6767a0b-d963-4e68-81cc-0a1ddf5722d4/element/7aa296d3-ff69-4e67-84e9-9c833d50f4c3/value&amp#27;[39m
&amp#27;[35m[HTTP]&amp#27;[39m &amp#27;[90m{"id":"7aa296d3-ff69-4e67-84e9-9c833d50f4c3","text":"pradipkatkar9041@gmail.com","value":["p","r","a","d","i","p","k","a","t","k","a","r","9","0","4","1","@","g","m","a","i","l",".","c","o","m"]}&amp#27;[39m
[debug] &amp#27;[35m[W3C (e6767a0b)]&amp#27;[39m Calling AppiumDriver.setValue() with args: [["p","r","a","d","i","p","k","a","t","k","a","r","9","0","4","1","@","g","m","a","i","l",".","c","o","m"],"7aa296d3-ff69-4e67-84e9-9c833d50f4c3","e6767a0b-d963-4e68-81cc-0a1ddf5722d4"]
[debug] &amp#27;[35m[WD Proxy]&amp#27;[39m Matched '/element/7aa296d3-ff69-4e67-84e9-9c833d50f4c3/value' to command name 'setValue'
[debug] &amp#27;[35m[Protocol Converter]&amp#27;[39m Added 'value' property ["p","r","a","d","i","p","k","a","t","k","a","r","9","0","4","1","@","g","m","a","i","l",".","c","o","m"] to 'setValue' request body
[debug] &amp#27;[35m[WD Proxy]&amp#27;[39m Proxying [POST /element/7aa296d3-ff69-4e67-84e9-9c833d50f4c3/value] to [POST http://127.0.0.1:8200/wd/hub/session/8406dc1c-99a8-4556-8e1e-10c478a9b734/element/7aa296d3-ff69-4e67-84e9-9c833d50f4c3/value] with body: {"elementId":"7aa296d3-ff69-4e67-84e9-9c833d50f4c3","text":"pradipkatkar9041@gmail.com","replace":false,"value":["p","r","a","d","i","p","k","a","t","k","a","r","9","0","4","1","@","g","m","a","i","l",".","c","o","m"]}
[debug] &amp#27;[35m[WD Proxy]&amp#27;[39m Got response with status 200: {"sessionId":"8406dc1c-99a8-4556-8e1e-10c478a9b734","value":null}
[debug] &amp#27;[35m[W3C (e6767a0b)]&amp#27;[39m Responding to client with driver.setValue() result: null
&amp#27;[35m[HTTP]&amp#27;[39m &amp#27;[37m<-- POST /wd/hub/session/e6767a0b-d963-4e68-81cc-0a1ddf5722d4/element/7aa296d3-ff69-4e67-84e9-9c833d50f4c3/value &amp#27;[39m&amp#27;[32m200&amp#27;[39m &amp#27;[90m73 ms - 14&amp#27;[39m
&amp#27;[35m[HTTP]&amp#27;[39m &amp#27;[90m&amp#27;[39m
INFO  eFlipcart - Username entered.
&amp#27;[35m[HTTP]&amp#27;[39m &amp#27;[37m-->&amp#27;[39m &amp#27;[37mPOST&amp#27;[39m &amp#27;[37m/wd/hub/session/e6767a0b-d963-4e68-81cc-0a1ddf5722d4/element&amp#27;[39m
&amp#27;[35m[HTTP]&amp#27;[39m &amp#27;[90m{"using":"id","value":"com.flipkart.android:id/button"}&amp#27;[39m
[debug] &amp#27;[35m[W3C (e6767a0b)]&amp#27;[39m Calling AppiumDriver.findElement() with args: ["id","com.flipkart.android:id/button","e6767a0b-d963-4e68-81cc-0a1ddf5722d4"]
[debug] &amp#27;[35m[BaseDriver]&amp#27;[39m Valid locator strategies for this request: xpath, id, class name, accessibility id, css selector, -android uiautomator
[debug] &amp#27;[35m[BaseDriver]&amp#27;[39m Waiting up to 40000 ms for condition
[debug] &amp#27;[35m[WD Proxy]&amp#27;[39m Matched '/element' to command name 'findElement'
[debug] &amp#27;[35m[WD Proxy]&amp#27;[39m Proxying [POST /element] to [POST http://127.0.0.1:8200/wd/hub/session/8406dc1c-99a8-4556-8e1e-10c478a9b734/element] with body: {"strategy":"id","selector":"com.flipkart.android:id/button","context":"","multiple":false}
[debug] &amp#27;[35m[WD Proxy]&amp#27;[39m Got response with status 200: {"sessionId":"8406dc1c-99a8-4556-8e1e-10c478a9b734","value":{"ELEMENT":"e9a00930-3c6b-4beb-93f6-2f06f9e36bea","element-6066-11e4-a52e-4f735466cecf":"e9a00930-3c6b-4beb-93f6-2f06f9e36bea"}}
[debug] &amp#27;[35m[W3C (e6767a0b)]&amp#27;[39m Responding to client with driver.findElement() result: {"element-6066-11e4-a52e-4f735466cecf":"e9a00930-3c6b-4beb-93f6-2f06f9e36bea","ELEMENT":"e9a00930-3c6b-4beb-93f6-2f06f9e36bea"}
&amp#27;[35m[HTTP]&amp#27;[39m &amp#27;[37m<-- POST /wd/hub/session/e6767a0b-d963-4e68-81cc-0a1ddf5722d4/element &amp#27;[39m&amp#27;[32m200&amp#27;[39m &amp#27;[90m870 ms - 137&amp#27;[39m
&amp#27;[35m[HTTP]&amp#27;[39m &amp#27;[90m&amp#27;[39m
&amp#27;[35m[HTTP]&amp#27;[39m &amp#27;[37m-->&amp#27;[39m &amp#27;[37mPOST&amp#27;[39m &amp#27;[37m/wd/hub/session/e6767a0b-d963-4e68-81cc-0a1ddf5722d4/element/e9a00930-3c6b-4beb-93f6-2f06f9e36bea/click&amp#27;[39m
&amp#27;[35m[HTTP]&amp#27;[39m &amp#27;[90m{"id":"e9a00930-3c6b-4beb-93f6-2f06f9e36bea"}&amp#27;[39m
[debug] &amp#27;[35m[W3C (e6767a0b)]&amp#27;[39m Calling AppiumDriver.click() with args: ["e9a00930-3c6b-4beb-93f6-2f06f9e36bea","e6767a0b-d963-4e68-81cc-0a1ddf5722d4"]
[debug] &amp#27;[35m[WD Proxy]&amp#27;[39m Matched '/element/e9a00930-3c6b-4beb-93f6-2f06f9e36bea/click' to command name 'click'
[debug] &amp#27;[35m[WD Proxy]&amp#27;[39m Proxying [POST /element/e9a00930-3c6b-4beb-93f6-2f06f9e36bea/click] to [POST http://127.0.0.1:8200/wd/hub/session/8406dc1c-99a8-4556-8e1e-10c478a9b734/element/e9a00930-3c6b-4beb-93f6-2f06f9e36bea/click] with body: {"element":"e9a00930-3c6b-4beb-93f6-2f06f9e36bea"}
[debug] &amp#27;[35m[WD Proxy]&amp#27;[39m Got response with status 200: {"sessionId":"8406dc1c-99a8-4556-8e1e-10c478a9b734","value":null}
[debug] &amp#27;[35m[W3C (e6767a0b)]&amp#27;[39m Responding to client with driver.click() result: null
&amp#27;[35m[HTTP]&amp#27;[39m &amp#27;[37m<-- POST /wd/hub/session/e6767a0b-d963-4e68-81cc-0a1ddf5722d4/element/e9a00930-3c6b-4beb-93f6-2f06f9e36bea/click &amp#27;[39m&amp#27;[32m200&amp#27;[39m &amp#27;[90m858 ms - 14&amp#27;[39m
&amp#27;[35m[HTTP]&amp#27;[39m &amp#27;[90m&amp#27;[39m
&amp#27;[35m[HTTP]&amp#27;[39m &amp#27;[37m-->&amp#27;[39m &amp#27;[37mPOST&amp#27;[39m &amp#27;[37m/wd/hub/session/e6767a0b-d963-4e68-81cc-0a1ddf5722d4/timeouts&amp#27;[39m
&amp#27;[35m[HTTP]&amp#27;[39m &amp#27;[90m{"implicit":50000}&amp#27;[39m
[debug] &amp#27;[35m[W3C (e6767a0b)]&amp#27;[39m Calling AppiumDriver.timeouts() with args: [null,null,null,null,50000,"e6767a0b-d963-4e68-81cc-0a1ddf5722d4"]
[debug] &amp#27;[35m[BaseDriver]&amp#27;[39m W3C timeout argument: {"implicit":50000}}
[debug] &amp#27;[35m[BaseDriver]&amp#27;[39m Set implicit wait to 50000ms
[debug] &amp#27;[35m[W3C (e6767a0b)]&amp#27;[39m Responding to client with driver.timeouts() result: null
&amp#27;[35m[HTTP]&amp#27;[39m &amp#27;[37m<-- POST /wd/hub/session/e6767a0b-d963-4e68-81cc-0a1ddf5722d4/timeouts &amp#27;[39m&amp#27;[32m200&amp#27;[39m &amp#27;[90m5 ms - 14&amp#27;[39m
&amp#27;[35m[HTTP]&amp#27;[39m &amp#27;[90m&amp#27;[39m
INFO  eFlipcart - Cliked on Button.
&amp#27;[35m[HTTP]&amp#27;[39m &amp#27;[37m-->&amp#27;[39m &amp#27;[37mPOST&amp#27;[39m &amp#27;[37m/wd/hub/session/e6767a0b-d963-4e68-81cc-0a1ddf5722d4/element&amp#27;[39m
&amp#27;[35m[HTTP]&amp#27;[39m &amp#27;[90m{"using":"xpath","value":"//*[@text='Password']"}&amp#27;[39m
[debug] &amp#27;[35m[W3C (e6767a0b)]&amp#27;[39m Calling AppiumDriver.findElement() with args: ["xpath","//*[@text='Password']","e6767a0b-d963-4e68-81cc-0a1ddf5722d4"]
[debug] &amp#27;[35m[BaseDriver]&amp#27;[39m Valid locator strategies for this request: xpath, id, class name, accessibility id, css selector, -android uiautomator
[debug] &amp#27;[35m[BaseDriver]&amp#27;[39m Waiting up to 50000 ms for condition
[debug] &amp#27;[35m[WD Proxy]&amp#27;[39m Matched '/element' to command name 'findElement'
[debug] &amp#27;[35m[WD Proxy]&amp#27;[39m Proxying [POST /element] to [POST http://127.0.0.1:8200/wd/hub/session/8406dc1c-99a8-4556-8e1e-10c478a9b734/element] with body: {"strategy":"xpath","selector":"//*[@text='Password']","context":"","multiple":false}
&amp#27;[35m[WD Proxy]&amp#27;[39m Got response with status 404: {"sessionId":"8406dc1c-99a8-4556-8e1e-10c478a9b734","value":{"error":"no such element","message":"An element could not be located on the page using the given search parameters","stacktrace":"io.appium.uiautomator2.common.exceptions.ElementNotFoundException: An element could not be located on the page using the given search parameters\n\tat io.appium.uiautomator2.handler.FindElement.findElement(FindElement.java:91)\n\tat io.appium.uiautomator2.handler.FindElement.safeHandle(FindElement.java:68)\n\tat io.appium.uiautomator2.handler.request.SafeRequestHandler.handle(SafeRequestHandler.java:41)\n\tat io.appium.uiautomator2.server.AppiumServlet.handleRequest(AppiumServlet.java:261)\n\tat io.appium.uiautomator2.server.AppiumServlet.handleHttpRequest(AppiumServlet.java:255)\n\tat io.appium.uiautomator2.http.ServerHandler.channelRead(ServerHandler.java:68)\n\tat io.netty.channel.AbstractChannelHandlerContext.invokeChannelRead(AbstractChannelHandlerContext.java:366)\n\tat io.netty.channel.AbstractChannelHandlerCont...
[debug] &amp#27;[35m[W3C]&amp#27;[39m Matched W3C error code 'no such element' to NoSuchElementError
[debug] &amp#27;[35m[BaseDriver]&amp#27;[39m Waited for 77 ms so far
[debug] &amp#27;[35m[WD Proxy]&amp#27;[39m Matched '/element' to command name 'findElement'
[debug] &amp#27;[35m[WD Proxy]&amp#27;[39m Proxying [POST /element] to [POST http://127.0.0.1:8200/wd/hub/session/8406dc1c-99a8-4556-8e1e-10c478a9b734/element] with body: {"strategy":"xpath","selector":"//*[@text='Password']","context":"","multiple":false}
[debug] &amp#27;[35m[WD Proxy]&amp#27;[39m Got response with status 200: {"sessionId":"8406dc1c-99a8-4556-8e1e-10c478a9b734","value":{"ELEMENT":"993f58f3-f1b1-4607-aa59-02e80e28498a","element-6066-11e4-a52e-4f735466cecf":"993f58f3-f1b1-4607-aa59-02e80e28498a"}}
[debug] &amp#27;[35m[W3C (e6767a0b)]&amp#27;[39m Responding to client with driver.findElement() result: {"element-6066-11e4-a52e-4f735466cecf":"993f58f3-f1b1-4607-aa59-02e80e28498a","ELEMENT":"993f58f3-f1b1-4607-aa59-02e80e28498a"}
&amp#27;[35m[HTTP]&amp#27;[39m &amp#27;[37m<-- POST /wd/hub/session/e6767a0b-d963-4e68-81cc-0a1ddf5722d4/element &amp#27;[39m&amp#27;[32m200&amp#27;[39m &amp#27;[90m1857 ms - 137&amp#27;[39m
&amp#27;[35m[HTTP]&amp#27;[39m &amp#27;[90m&amp#27;[39m
&amp#27;[35m[HTTP]&amp#27;[39m &amp#27;[37m-->&amp#27;[39m &amp#27;[37mPOST&amp#27;[39m &amp#27;[37m/wd/hub/session/e6767a0b-d963-4e68-81cc-0a1ddf5722d4/element/993f58f3-f1b1-4607-aa59-02e80e28498a/value&amp#27;[39m
&amp#27;[35m[HTTP]&amp#27;[39m &amp#27;[90m{"id":"993f58f3-f1b1-4607-aa59-02e80e28498a","text":"9766751413","value":["9","7","6","6","7","5","1","4","1","3"]}&amp#27;[39m
[debug] &amp#27;[35m[W3C (e6767a0b)]&amp#27;[39m Calling AppiumDriver.setValue() with args: [["9","7","6","6","7","5","1","4","1","3"],"993f58f3-f1b1-4607-aa59-02e80e28498a","e6767a0b-d963-4e68-81cc-0a1ddf5722d4"]
[debug] &amp#27;[35m[WD Proxy]&amp#27;[39m Matched '/element/993f58f3-f1b1-4607-aa59-02e80e28498a/value' to command name 'setValue'
[debug] &amp#27;[35m[Protocol Converter]&amp#27;[39m Added 'value' property ["9","7","6","6","7","5","1","4","1","3"] to 'setValue' request body
[debug] &amp#27;[35m[WD Proxy]&amp#27;[39m Proxying [POST /element/993f58f3-f1b1-4607-aa59-02e80e28498a/value] to [POST http://127.0.0.1:8200/wd/hub/session/8406dc1c-99a8-4556-8e1e-10c478a9b734/element/993f58f3-f1b1-4607-aa59-02e80e28498a/value] with body: {"elementId":"993f58f3-f1b1-4607-aa59-02e80e28498a","text":"9766751413","replace":false,"value":["9","7","6","6","7","5","1","4","1","3"]}
[debug] &amp#27;[35m[WD Proxy]&amp#27;[39m Got response with status 200: {"sessionId":"8406dc1c-99a8-4556-8e1e-10c478a9b734","value":null}
[debug] &amp#27;[35m[W3C (e6767a0b)]&amp#27;[39m Responding to client with driver.setValue() result: null
&amp#27;[35m[HTTP]&amp#27;[39m &amp#27;[37m<-- POST /wd/hub/session/e6767a0b-d963-4e68-81cc-0a1ddf5722d4/element/993f58f3-f1b1-4607-aa59-02e80e28498a/value &amp#27;[39m&amp#27;[32m200&amp#27;[39m &amp#27;[90m627 ms - 14&amp#27;[39m
&amp#27;[35m[HTTP]&amp#27;[39m &amp#27;[90m&amp#27;[39m
&amp#27;[35m[HTTP]&amp#27;[39m &amp#27;[37m-->&amp#27;[39m &amp#27;[37mPOST&amp#27;[39m &amp#27;[37m/wd/hub/session/e6767a0b-d963-4e68-81cc-0a1ddf5722d4/timeouts&amp#27;[39m
&amp#27;[35m[HTTP]&amp#27;[39m &amp#27;[90m{"implicit":20000}&amp#27;[39m
[debug] &amp#27;[35m[W3C (e6767a0b)]&amp#27;[39m Calling AppiumDriver.timeouts() with args: [null,null,null,null,20000,"e6767a0b-d963-4e68-81cc-0a1ddf5722d4"]
[debug] &amp#27;[35m[BaseDriver]&amp#27;[39m W3C timeout argument: {"implicit":20000}}
[debug] &amp#27;[35m[BaseDriver]&amp#27;[39m Set implicit wait to 20000ms
[debug] &amp#27;[35m[W3C (e6767a0b)]&amp#27;[39m Responding to client with driver.timeouts() result: null
&amp#27;[35m[HTTP]&amp#27;[39m &amp#27;[37m<-- POST /wd/hub/session/e6767a0b-d963-4e68-81cc-0a1ddf5722d4/timeouts &amp#27;[39m&amp#27;[32m200&amp#27;[39m &amp#27;[90m5 ms - 14&amp#27;[39m
&amp#27;[35m[HTTP]&amp#27;[39m &amp#27;[90m&amp#27;[39m
INFO  eFlipcart - Password entered.
&amp#27;[35m[HTTP]&amp#27;[39m &amp#27;[37m-->&amp#27;[39m &amp#27;[37mPOST&amp#27;[39m &amp#27;[37m/wd/hub/session/e6767a0b-d963-4e68-81cc-0a1ddf5722d4/element&amp#27;[39m
&amp#27;[35m[HTTP]&amp#27;[39m &amp#27;[90m{"using":"id","value":"com.flipkart.android:id/button"}&amp#27;[39m
[debug] &amp#27;[35m[W3C (e6767a0b)]&amp#27;[39m Calling AppiumDriver.findElement() with args: ["id","com.flipkart.android:id/button","e6767a0b-d963-4e68-81cc-0a1ddf5722d4"]
[debug] &amp#27;[35m[BaseDriver]&amp#27;[39m Valid locator strategies for this request: xpath, id, class name, accessibility id, css selector, -android uiautomator
[debug] &amp#27;[35m[BaseDriver]&amp#27;[39m Waiting up to 20000 ms for condition
[debug] &amp#27;[35m[WD Proxy]&amp#27;[39m Matched '/element' to command name 'findElement'
[debug] &amp#27;[35m[WD Proxy]&amp#27;[39m Proxying [POST /element] to [POST http://127.0.0.1:8200/wd/hub/session/8406dc1c-99a8-4556-8e1e-10c478a9b734/element] with body: {"strategy":"id","selector":"com.flipkart.android:id/button","context":"","multiple":false}
[debug] &amp#27;[35m[WD Proxy]&amp#27;[39m Got response with status 200: {"sessionId":"8406dc1c-99a8-4556-8e1e-10c478a9b734","value":{"ELEMENT":"be8168c6-9df3-443b-8277-caadd13fc896","element-6066-11e4-a52e-4f735466cecf":"be8168c6-9df3-443b-8277-caadd13fc896"}}
[...]
[debug] &amp#27;[35m[W3C]&amp#27;[39m Matched W3C error code 'no such element' to NoSuchElementError
[debug] &amp#27;[35m[BaseDriver]&amp#27;[39m Waited for 20636 ms so far
[debug] &amp#27;[35m[WD Proxy]&amp#27;[39m Matched '/element' to command name 'findElement'
[debug] &amp#27;[35m[WD Proxy]&amp#27;[39m Proxying [POST /element] to [POST http://127.0.0.1:8201/wd/hub/session/99c04a53-575a-4af0-800b-d2e51e7a44ff/element] with body: {"strategy":"-android uiautomator","selector":"new UiScrollable(new UiSelector()).scrollIntoView(text(\"Logout of this app\"))","context":"","multiple":false}
&amp#27;[35m[WD Proxy]&amp#27;[39m Got response with status 404: {"sessionId":"99c04a53-575a-4af0-800b-d2e51e7a44ff","value":{"error":"no such element","message":"An element could not be located on the page using the given search parameters","stacktrace":"io.appium.uiautomator2.common.exceptions.ElementNotFoundException: An element could not be located on the page using the given search parameters\n\tat io.appium.uiautomator2.handler.FindElement.safeHandle(FindElement.java:70)\n\tat io.appium.uiautomator2.handler.request.SafeRequestHandler.handle(SafeRequestHandler.java:41)\n\tat io.appium.uiautomator2.server.AppiumServlet.handleRequest(AppiumServlet.java:261)\n\tat io.appium.uiautomator2.server.AppiumServlet.handleHttpRequest(AppiumServlet.java:255)\n\tat io.appium.uiautomator2.http.ServerHandler.channelRead(ServerHandler.java:68)\n\tat io.netty.channel.AbstractChannelHandlerContext.invokeChannelRead(AbstractChannelHandlerContext.java:366)\n\tat io.netty.channel.AbstractChannelHandlerContext.invokeChannelRead(AbstractChannelHandlerContext.java:352)\n\tat io.netty.chann...
[debug] &amp#27;[35m[W3C]&amp#27;[39m Matched W3C error code 'no such element' to NoSuchElementError
[debug] &amp#27;[35m[BaseDriver]&amp#27;[39m Waited for 23656 ms so far
[debug] &amp#27;[35m[WD Proxy]&amp#27;[39m Matched '/element' to command name 'findElement'
[debug] &amp#27;[35m[WD Proxy]&amp#27;[39m Proxying [POST /element] to [POST http://127.0.0.1:8201/wd/hub/session/99c04a53-575a-4af0-800b-d2e51e7a44ff/element] with body: {"strategy":"-android uiautomator","selector":"new UiScrollable(new UiSelector()).scrollIntoView(text(\"Logout of this app\"))","context":"","multiple":false}
&amp#27;[35m[WD Proxy]&amp#27;[39m Got response with status 404: {"sessionId":"99c04a53-575a-4af0-800b-d2e51e7a44ff","value":{"error":"no such element","message":"An element could not be located on the page using the given search parameters","stacktrace":"io.appium.uiautomator2.common.exceptions.ElementNotFoundException: An element could not be located on the page using the given search parameters\n\tat io.appium.uiautomator2.handler.FindElement.safeHandle(FindElement.java:70)\n\tat io.appium.uiautomator2.handler.request.SafeRequestHandler.handle(SafeRequestHandler.java:41)\n\tat io.appium.uiautomator2.server.AppiumServlet.handleRequest(AppiumServlet.java:261)\n\tat io.appium.uiautomator2.server.AppiumServlet.handleHttpRequest(AppiumServlet.java:255)\n\tat io.appium.uiautomator2.http.ServerHandler.channelRead(ServerHandler.java:68)\n\tat io.netty.channel.AbstractChannelHandlerContext.invokeChannelRead(AbstractChannelHandlerContext.java:366)\n\tat io.netty.channel.AbstractChannelHandlerContext.invokeChannelRead(AbstractChannelHandlerContext.java:352)\n\tat io.netty.chann...
[debug] &amp#27;[35m[W3C]&amp#27;[39m Matched W3C error code 'no such element' to NoSuchElementError
[debug] &amp#27;[35m[BaseDriver]&amp#27;[39m Waited for 26695 ms so far
[debug] &amp#27;[35m[WD Proxy]&amp#27;[39m Matched '/element' to command name 'findElement'
[debug] &amp#27;[35m[WD Proxy]&amp#27;[39m Proxying [POST /element] to [POST http://127.0.0.1:8201/wd/hub/session/99c04a53-575a-4af0-800b-d2e51e7a44ff/element] with body: {"strategy":"-android uiautomator","selector":"new UiScrollable(new UiSelector()).scrollIntoView(text(\"Logout of this app\"))","context":"","multiple":false}
&amp#27;[35m[WD Proxy]&amp#27;[39m Got response with status 404: {"sessionId":"99c04a53-575a-4af0-800b-d2e51e7a44ff","value":{"error":"no such element","message":"An element could not be located on the page using the given search parameters","stacktrace":"io.appium.uiautomator2.common.exceptions.ElementNotFoundException: An element could not be located on the page using the given search parameters\n\tat io.appium.uiautomator2.handler.FindElement.safeHandle(FindElement.java:70)\n\tat io.appium.uiautomator2.handler.request.SafeRequestHandler.handle(SafeRequestHandler.java:41)\n\tat io.appium.uiautomator2.server.AppiumServlet.handleRequest(AppiumServlet.java:261)\n\tat io.appium.uiautomator2.server.AppiumServlet.handleHttpRequest(AppiumServlet.java:255)\n\tat io.appium.uiautomator2.http.ServerHandler.channelRead(ServerHandler.java:68)\n\tat io.netty.channel.AbstractChannelHandlerContext.invokeChannelRead(AbstractChannelHandlerContext.java:366)\n\tat io.netty.channel.AbstractChannelHandlerContext.invokeChannelRead(AbstractChannelHandlerContext.java:352)\n\tat io.netty.chann...
[debug] &amp#27;[35m[W3C]&amp#27;[39m Matched W3C error code 'no such element' to NoSuchElementError
[debug] &amp#27;[35m[BaseDriver]&amp#27;[39m Waited for 29759 ms so far
[debug] &amp#27;[35m[WD Proxy]&amp#27;[39m Matched '/element' to command name 'findElement'
[debug] &amp#27;[35m[WD Proxy]&amp#27;[39m Proxying [POST /element] to [POST http://127.0.0.1:8201/wd/hub/session/99c04a53-575a-4af0-800b-d2e51e7a44ff/element] with body: {"strategy":"-android uiautomator","selector":"new UiScrollable(new UiSelector()).scrollIntoView(text(\"Logout of this app\"))","context":"","multiple":false}
&amp#27;[35m[WD Proxy]&amp#27;[39m Got response with status 404: {"sessionId":"99c04a53-575a-4af0-800b-d2e51e7a44ff","value":{"error":"no such element","message":"An element could not be located on the page using the given search parameters","stacktrace":"io.appium.uiautomator2.common.exceptions.ElementNotFoundException: An element could not be located on the page using the given search parameters\n\tat io.appium.uiautomator2.handler.FindElement.safeHandle(FindElement.java:70)\n\tat io.appium.uiautomator2.handler.request.SafeRequestHandler.handle(SafeRequestHandler.java:41)\n\tat io.appium.uiautomator2.server.AppiumServlet.handleRequest(AppiumServlet.java:261)\n\tat io.appium.uiautomator2.server.AppiumServlet.handleHttpRequest(AppiumServlet.java:255)\n\tat io.appium.uiautomator2.http.ServerHandler.channelRead(ServerHandler.java:68)\n\tat io.netty.channel.AbstractChannelHandlerContext.invokeChannelRead(AbstractChannelHandlerContext.java:366)\n\tat io.netty.channel.AbstractChannelHandlerContext.invokeChannelRead(AbstractChannelHandlerContext.java:352)\n\tat io.netty.chann...
[debug] &amp#27;[35m[W3C]&amp#27;[39m Matched W3C error code 'no such element' to NoSuchElementError
[debug] &amp#27;[35m[BaseDriver]&amp#27;[39m Waited for 32777 ms so far
[debug] &amp#27;[35m[WD Proxy]&amp#27;[39m Matched '/element' to command name 'findElement'
[debug] &amp#27;[35m[WD Proxy]&amp#27;[39m Proxying [POST /element] to [POST http://127.0.0.1:8201/wd/hub/session/99c04a53-575a-4af0-800b-d2e51e7a44ff/element] with body: {"strategy":"-android uiautomator","selector":"new UiScrollable(new UiSelector()).scrollIntoView(text(\"Logout of this app\"))","context":"","multiple":false}
&amp#27;[35m[WD Proxy]&amp#27;[39m Got response with status 404: {"sessionId":"99c04a53-575a-4af0-800b-d2e51e7a44ff","value":{"error":"no such element","message":"An element could not be located on the page using the given search parameters","stacktrace":"io.appium.uiautomator2.common.exceptions.ElementNotFoundException: An element could not be located on the page using the given search parameters\n\tat io.appium.uiautomator2.handler.FindElement.safeHandle(FindElement.java:70)\n\tat io.appium.uiautomator2.handler.request.SafeRequestHandler.handle(SafeRequestHandler.java:41)\n\tat io.appium.uiautomator2.server.AppiumServlet.handleRequest(AppiumServlet.java:261)\n\tat io.appium.uiautomator2.server.AppiumServlet.handleHttpRequest(AppiumServlet.java:255)\n\tat io.appium.uiautomator2.http.ServerHandler.channelRead(ServerHandler.java:68)\n\tat io.netty.channel.AbstractChannelHandlerContext.invokeChannelRead(AbstractChannelHandlerContext.java:366)\n\tat io.netty.channel.AbstractChannelHandlerContext.invokeChannelRead(AbstractChannelHandlerContext.java:352)\n\tat io.netty.chann...
[debug] &amp#27;[35m[W3C]&amp#27;[39m Matched W3C error code 'no such element' to NoSuchElementError
[debug] &amp#27;[35m[BaseDriver]&amp#27;[39m Waited for 35784 ms so far
[debug] &amp#27;[35m[WD Proxy]&amp#27;[39m Matched '/element' to command name 'findElement'
[debug] &amp#27;[35m[WD Proxy]&amp#27;[39m Proxying [POST /element] to [POST http://127.0.0.1:8201/wd/hub/session/99c04a53-575a-4af0-800b-d2e51e7a44ff/element] with body: {"strategy":"-android uiautomator","selector":"new UiScrollable(new UiSelector()).scrollIntoView(text(\"Logout of this app\"))","context":"","multiple":false}
&amp#27;[35m[WD Proxy]&amp#27;[39m Got response with status 404: {"sessionId":"99c04a53-575a-4af0-800b-d2e51e7a44ff","value":{"error":"no such element","message":"An element could not be located on the page using the given search parameters","stacktrace":"io.appium.uiautomator2.common.exceptions.ElementNotFoundException: An element could not be located on the page using the given search parameters\n\tat io.appium.uiautomator2.handler.FindElement.safeHandle(FindElement.java:70)\n\tat io.appium.uiautomator2.handler.request.SafeRequestHandler.handle(SafeRequestHandler.java:41)\n\tat io.appium.uiautomator2.server.AppiumServlet.handleRequest(AppiumServlet.java:261)\n\tat io.appium.uiautomator2.server.AppiumServlet.handleHttpRequest(AppiumServlet.java:255)\n\tat io.appium.uiautomator2.http.ServerHandler.channelRead(ServerHandler.java:68)\n\tat io.netty.channel.AbstractChannelHandlerContext.invokeChannelRead(AbstractChannelHandlerContext.java:366)\n\tat io.netty.channel.AbstractChannelHandlerContext.invokeChannelRead(AbstractChannelHandlerContext.java:352)\n\tat io.netty.chann...
[debug] &amp#27;[35m[W3C]&amp#27;[39m Matched W3C error code 'no such element' to NoSuchElementError
[debug] &amp#27;[35m[BaseDriver]&amp#27;[39m Waited for 38821 ms so far
[debug] &amp#27;[35m[WD Proxy]&amp#27;[39m Matched '/element' to command name 'findElement'
[debug] &amp#27;[35m[WD Proxy]&amp#27;[39m Proxying [POST /element] to [POST http://127.0.0.1:8201/wd/hub/session/99c04a53-575a-4af0-800b-d2e51e7a44ff/element] with body: {"strategy":"-android uiautomator","selector":"new UiScrollable(new UiSelector()).scrollIntoView(text(\"Logout of this app\"))","context":"","multiple":false}
&amp#27;[35m[WD Proxy]&amp#27;[39m Got response with status 404: {"sessionId":"99c04a53-575a-4af0-800b-d2e51e7a44ff","value":{"error":"no such element","message":"An element could not be located on the page using the given search parameters","stacktrace":"io.appium.uiautomator2.common.exceptions.ElementNotFoundException: An element could not be located on the page using the given search parameters\n\tat io.appium.uiautomator2.handler.FindElement.safeHandle(FindElement.java:70)\n\tat io.appium.uiautomator2.handler.request.SafeRequestHandler.handle(SafeRequestHandler.java:41)\n\tat io.appium.uiautomator2.server.AppiumServlet.handleRequest(AppiumServlet.java:261)\n\tat io.appium.uiautomator2.server.AppiumServlet.handleHttpRequest(AppiumServlet.java:255)\n\tat io.appium.uiautomator2.http.ServerHandler.channelRead(ServerHandler.java:68)\n\tat io.netty.channel.AbstractChannelHandlerContext.invokeChannelRead(AbstractChannelHandlerContext.java:366)\n\tat io.netty.channel.AbstractChannelHandlerContext.invokeChannelRead(AbstractChannelHandlerContext.java:352)\n\tat io.netty.chann...
[debug] &amp#27;[35m[W3C]&amp#27;[39m Matched W3C error code 'no such element' to NoSuchElementError
[debug] &amp#27;[35m[BaseDriver]&amp#27;[39m Waited for 41799 ms so far
[debug] &amp#27;[35m[WD Proxy]&amp#27;[39m Matched '/element' to command name 'findElement'
[debug] &amp#27;[35m[WD Proxy]&amp#27;[39m Proxying [POST /element] to [POST http://127.0.0.1:8201/wd/hub/session/99c04a53-575a-4af0-800b-d2e51e7a44ff/element] with body: {"strategy":"-android uiautomator","selector":"new UiScrollable(new UiSelector()).scrollIntoView(text(\"Logout of this app\"))","context":"","multiple":false}
&amp#27;[35m[WD Proxy]&amp#27;[39m Got response with status 404: {"sessionId":"99c04a53-575a-4af0-800b-d2e51e7a44ff","value":{"error":"no such element","message":"An element could not be located on the page using the given search parameters","stacktrace":"io.appium.uiautomator2.common.exceptions.ElementNotFoundException: An element could not be located on the page using the given search parameters\n\tat io.appium.uiautomator2.handler.FindElement.safeHandle(FindElement.java:70)\n\tat io.appium.uiautomator2.handler.request.SafeRequestHandler.handle(SafeRequestHandler.java:41)\n\tat io.appium.uiautomator2.server.AppiumServlet.handleRequest(AppiumServlet.java:261)\n\tat io.appium.uiautomator2.server.AppiumServlet.handleHttpRequest(AppiumServlet.java:255)\n\tat io.appium.uiautomator2.http.ServerHandler.channelRead(ServerHandler.java:68)\n\tat io.netty.channel.AbstractChannelHandlerContext.invokeChannelRead(AbstractChannelHandlerContext.java:366)\n\tat io.netty.channel.AbstractChannelHandlerContext.invokeChannelRead(AbstractChannelHandlerContext.java:352)\n\tat io.netty.chann...
[debug] &amp#27;[35m[W3C]&amp#27;[39m Matched W3C error code 'no such element' to NoSuchElementError
[debug] &amp#27;[35m[BaseDriver]&amp#27;[39m Waited for 44802 ms so far
[debug] &amp#27;[35m[WD Proxy]&amp#27;[39m Matched '/element' to command name 'findElement'
[debug] &amp#27;[35m[WD Proxy]&amp#27;[39m Proxying [POST /element] to [POST http://127.0.0.1:8201/wd/hub/session/99c04a53-575a-4af0-800b-d2e51e7a44ff/element] with body: {"strategy":"-android uiautomator","selector":"new UiScrollable(new UiSelector()).scrollIntoView(text(\"Logout of this app\"))","context":"","multiple":false}
&amp#27;[35m[WD Proxy]&amp#27;[39m Got response with status 404: {"sessionId":"99c04a53-575a-4af0-800b-d2e51e7a44ff","value":{"error":"no such element","message":"An element could not be located on the page using the given search parameters","stacktrace":"io.appium.uiautomator2.common.exceptions.ElementNotFoundException: An element could not be located on the page using the given search parameters\n\tat io.appium.uiautomator2.handler.FindElement.safeHandle(FindElement.java:70)\n\tat io.appium.uiautomator2.handler.request.SafeRequestHandler.handle(SafeRequestHandler.java:41)\n\tat io.appium.uiautomator2.server.AppiumServlet.handleRequest(AppiumServlet.java:261)\n\tat io.appium.uiautomator2.server.AppiumServlet.handleHttpRequest(AppiumServlet.java:255)\n\tat io.appium.uiautomator2.http.ServerHandler.channelRead(ServerHandler.java:68)\n\tat io.netty.channel.AbstractChannelHandlerContext.invokeChannelRead(AbstractChannelHandlerContext.java:366)\n\tat io.netty.channel.AbstractChannelHandlerContext.invokeChannelRead(AbstractChannelHandlerContext.java:352)\n\tat io.netty.chann...
[debug] &amp#27;[35m[W3C]&amp#27;[39m Matched W3C error code 'no such element' to NoSuchElementError
[debug] &amp#27;[35m[BaseDriver]&amp#27;[39m Waited for 47854 ms so far
[debug] &amp#27;[35m[WD Proxy]&amp#27;[39m Matched '/element' to command name 'findElement'
[debug] &amp#27;[35m[WD Proxy]&amp#27;[39m Proxying [POST /element] to [POST http://127.0.0.1:8201/wd/hub/session/99c04a53-575a-4af0-800b-d2e51e7a44ff/element] with body: {"strategy":"-android uiautomator","selector":"new UiScrollable(new UiSelector()).scrollIntoView(text(\"Logout of this app\"))","context":"","multiple":false}
&amp#27;[35m[WD Proxy]&amp#27;[39m Got response with status 404: {"sessionId":"99c04a53-575a-4af0-800b-d2e51e7a44ff","value":{"error":"no such element","message":"An element could not be located on the page using the given search parameters","stacktrace":"io.appium.uiautomator2.common.exceptions.ElementNotFoundException: An element could not be located on the page using the given search parameters\n\tat io.appium.uiautomator2.handler.FindElement.safeHandle(FindElement.java:70)\n\tat io.appium.uiautomator2.handler.request.SafeRequestHandler.handle(SafeRequestHandler.java:41)\n\tat io.appium.uiautomator2.server.AppiumServlet.handleRequest(AppiumServlet.java:261)\n\tat io.appium.uiautomator2.server.AppiumServlet.handleHttpRequest(AppiumServlet.java:255)\n\tat io.appium.uiautomator2.http.ServerHandler.channelRead(ServerHandler.java:68)\n\tat io.netty.channel.AbstractChannelHandlerContext.invokeChannelRead(AbstractChannelHandlerContext.java:366)\n\tat io.netty.channel.AbstractChannelHandlerContext.invokeChannelRead(AbstractChannelHandlerContext.java:352)\n\tat io.netty.chann...
[debug] &amp#27;[35m[W3C]&amp#27;[39m Matched W3C error code 'no such element' to NoSuchElementError
[debug] &amp#27;[35m[W3C (ae07e275)]&amp#27;[39m Encountered internal error running command: NoSuchElementError: An element could not be located on the page using the given search parameters.
[debug] &amp#27;[35m[W3C (ae07e275)]&amp#27;[39m     at AndroidUiautomator2Driver.findElOrEls (C:\Users\pradi\AppData\Roaming\npm\node_modules\appium\node_modules\appium-android-driver\lib\commands\find.js:75:11)
[debug] &amp#27;[35m[W3C (ae07e275)]&amp#27;[39m     at runMicrotasks (<anonymous>)
[debug] &amp#27;[35m[W3C (ae07e275)]&amp#27;[39m     at processTicksAndRejections (internal/process/task_queues.js:93:5)
[debug] &amp#27;[35m[W3C (ae07e275)]&amp#27;[39m     at AndroidUiautomator2Driver.findElOrElsWithProcessing (C:\Users\pradi\AppData\Roaming\npm\node_modules\appium\node_modules\appium-base-driver\lib\basedriver\commands\find.js:33:12)
[debug] &amp#27;[35m[W3C (ae07e275)]&amp#27;[39m     at AndroidUiautomator2Driver.findElement (C:\Users\pradi\AppData\Roaming\npm\node_modules\appium\node_modules\appium-base-driver\lib\basedriver\commands\find.js:53:10)
&amp#27;[35m[HTTP]&amp#27;[39m &amp#27;[37m<-- POST /wd/hub/session/ae07e275-3784-4b5d-9926-05080f5272b7/element &amp#27;[39m&amp#27;[33m404&amp#27;[39m &amp#27;[90m50896 ms - 914&amp#27;[39m
&amp#27;[35m[HTTP]&amp#27;[39m &amp#27;[90m&amp#27;[39m
]]></system-out>
    <system-err><![CDATA[Jun 21, 2021 12:24:55 PM io.appium.java_client.remote.AppiumCommandExecutor$1 lambda$0
INFO: Detected dialect: W3C
]]></system-err>
  </testcase>
  <testcase name="After" classname="com.flipcart.tests.Logout" time="79.123">
    <failure message="&#10;Can inject only one of &lt;ITestContext, XmlTest&gt; into a @AfterTest annotated After.&#10;For more information on native dependency injection please refer to https://testng.org/doc/documentation-main.html#native-dependency-injection" type="org.testng.TestNGException"><![CDATA[org.testng.TestNGException: 

Can inject only one of <ITestContext, XmlTest> into a @AfterTest annotated After.
For more information on native dependency injection please refer to https://testng.org/doc/documentation-main.html#native-dependency-injection
]]></failure>
  </testcase>
</testsuite>